Requirement already satisfied: jinja2 in /data2/home/rajkamalr/miniconda3/envs/rag/lib/python3.10/site-packages (from torch==2.0.1->-r requirements.txt (line 4)) (3.1.4)
Requirement already satisfied: nvidia-cuda-nvrtc-cu11==11.7.99 in /data2/home/rajkamalr/miniconda3/envs/rag/lib/python3.10/site-packages (from torch==2.0.1->-r requirements.txt (line 4)) (11.7.99)
Requirement already satisfied: nvidia-cuda-runtime-cu11==11.7.99 in /data2/home/rajkamalr/miniconda3/envs/rag/lib/python3.10/site-packages (from torch==2.0.1->-r requirements.txt (line 4)) (11.7.99)
Requirement already satisfied: nvidia-cuda-cupti-cu11==11.7.101 in /data2/home/rajkamalr/miniconda3/envs/rag/lib/python3.10/site-packages (from torch==2.0.1->-r requirements.txt (line 4)) (11.7.101)
Requirement already satisfied: nvidia-cudnn-cu11==8.5.0.96 in /data2/home/rajkamalr/miniconda3/envs/rag/lib/python3.10/site-packages (from torch==2.0.1->-r requirements.txt (line 4)) (8.5.0.96)
Requirement already satisfied: nvidia-cublas-cu11==11.10.3.66 in /data2/home/rajkamalr/miniconda3/envs/rag/lib/python3.10/site-packages (from torch==2.0.1->-r requirements.txt (line 4)) (11.10.3.66)
Requirement already satisfied: nvidia-cufft-cu11==10.9.0.58 in /data2/home/rajkamalr/miniconda3/envs/rag/lib/python3.10/site-packages (from torch==2.0.1->-r requirements.txt (line 4)) (10.9.0.58)
Requirement already satisfied: nvidia-curand-cu11==10.2.10.91 in /data2/home/rajkamalr/miniconda3/envs/rag/lib/python3.10/site-packages (from torch==2.0.1->-r requirements.txt (line 4)) (10.2.10.91)
Requirement already satisfied: nvidia-cusolver-cu11==11.4.0.1 in /data2/home/rajkamalr/miniconda3/envs/rag/lib/python3.10/site-packages (from torch==2.0.1->-r requirements.txt (line 4)) (11.4.0.1)
Requirement already satisfied: nvidia-cusparse-cu11==11.7.4.91 in /data2/home/rajkamalr/miniconda3/envs/rag/lib/python3.10/site-packages (from torch==2.0.1->-r requirements.txt (line 4)) (11.7.4.91)
Requirement already satisfied: nvidia-nccl-cu11==2.14.3 in /data2/home/rajkamalr/miniconda3/envs/rag/lib/python3.10/site-packages (from torch==2.0.1->-r requirements.txt (line 4)) (2.14.3)
Requirement already satisfied: nvidia-nvtx-cu11==11.7.91 in /data2/home/rajkamalr/miniconda3/envs/rag/lib/python3.10/site-packages (from torch==2.0.1->-r requirements.txt (line 4)) (11.7.91)
Requirement already satisfied: triton==2.0.0 in /data2/home/rajkamalr/miniconda3/envs/rag/lib/python3.10/site-packages (from torch==2.0.1->-r requirements.txt (line 4)) (2.0.0)
Requirement already satisfied: psutil in /data2/home/rajkamalr/miniconda3/envs/rag/lib/python3.10/site-packages (from accelerate==0.21.0->-r requirements.txt (line 7)) (6.0.0)
Requirement already satisfied: charset-normalizer>=2.0.0 in /data2/home/rajkamalr/miniconda3/envs/rag/lib/python3.10/site-packages (from pdfminer.six==20221105->-r requirements.txt (line 8)) (3.3.2)
Requirement already satisfied: cryptography>=36.0.0 in /data2/home/rajkamalr/miniconda3/envs/rag/lib/python3.10/site-packages (from pdfminer.six==20221105->-r requirements.txt (line 8)) (43.0.1)
Requirement already satisfied: scikit-learn in /data2/home/rajkamalr/miniconda3/envs/rag/lib/python3.10/site-packages (from sentence_transformers->-r requirements.txt (line 10)) (1.5.1)
Requirement already satisfied: scipy in /data2/home/rajkamalr/miniconda3/envs/rag/lib/python3.10/site-packages (from sentence_transformers->-r requirements.txt (line 10)) (1.14.1)
Requirement already satisfied: nltk in /data2/home/rajkamalr/miniconda3/envs/rag/lib/python3.10/site-packages (from sentence_transformers->-r requirements.txt (line 10)) (3.9.1)
Requirement already satisfied: hnswlib>=0.7 in /data2/home/rajkamalr/miniconda3/envs/rag/lib/python3.10/site-packages (from chromadb==0.3.26->-r requirements.txt (line 12)) (0.8.0)
Requirement already satisfied: clickhouse-connect>=0.5.7 in /data2/home/rajkamalr/miniconda3/envs/rag/lib/python3.10/site-packages (from chromadb==0.3.26->-r requirements.txt (line 12)) (0.7.19)
Requirement already satisfied: fastapi>=0.85.1 in /data2/home/rajkamalr/miniconda3/envs/rag/lib/python3.10/site-packages (from chromadb==0.3.26->-r requirements.txt (line 12)) (0.112.1)
Requirement already satisfied: posthog>=2.4.0 in /data2/home/rajkamalr/miniconda3/envs/rag/lib/python3.10/site-packages (from chromadb==0.3.26->-r requirements.txt (line 12)) (3.5.2)
Requirement already satisfied: pulsar-client>=3.1.0 in /data2/home/rajkamalr/miniconda3/envs/rag/lib/python3.10/site-packages (from chromadb==0.3.26->-r requirements.txt (line 12)) (3.5.0)
Requirement already satisfied: onnxruntime>=1.14.1 in /data2/home/rajkamalr/miniconda3/envs/rag/lib/python3.10/site-packages (from chromadb==0.3.26->-r requirements.txt (line 12)) (1.19.0)
Requirement already satisfied: overrides>=7.3.1 in /data2/home/rajkamalr/miniconda3/envs/rag/lib/python3.10/site-packages (from chromadb==0.3.26->-r requirements.txt (line 12)) (7.7.0)
Requirement already satisfied: soupsieve>1.2 in /data2/home/rajkamalr/miniconda3/envs/rag/lib/python3.10/site-packages (from beautifulsoup4==4.12.2->-r requirements.txt (line 13)) (2.6)
Requirement already satisfied: idna<4,>=2.5 in /data2/home/rajkamalr/miniconda3/envs/rag/lib/python3.10/site-packages (from requests==2.31.0->-r requirements.txt (line 17)) (3.8)
Requirement already satisfied: urllib3<3,>=1.21.1 in /data2/home/rajkamalr/miniconda3/envs/rag/lib/python3.10/site-packages (from requests==2.31.0->-r requirements.txt (line 17)) (2.2.2)
Requirement already satisfied: certifi>=2017.4.17 in /data2/home/rajkamalr/miniconda3/envs/rag/lib/python3.10/site-packages (from requests==2.31.0->-r requirements.txt (line 17)) (2024.7.4)
Requirement already satisfied: h11>=0.8 in /data2/home/rajkamalr/miniconda3/envs/rag/lib/python3.10/site-packages (from uvicorn==0.18.3->-r requirements.txt (line 18)) (0.14.0)
Requirement already satisfied: setuptools in /data2/home/rajkamalr/miniconda3/envs/rag/lib/python3.10/site-packages (from nvidia-cublas-cu11==11.10.3.66->torch==2.0.1->-r requirements.txt (line 4)) (72.1.0)
Requirement already satisfied: wheel in /data2/home/rajkamalr/miniconda3/envs/rag/lib/python3.10/site-packages (from nvidia-cublas-cu11==11.10.3.66->torch==2.0.1->-r requirements.txt (line 4)) (0.43.0)
Requirement already satisfied: cmake in /data2/home/rajkamalr/miniconda3/envs/rag/lib/python3.10/site-packages (from triton==2.0.0->torch==2.0.1->-r requirements.txt (line 4)) (3.30.3)
Requirement already satisfied: lit in /data2/home/rajkamalr/miniconda3/envs/rag/lib/python3.10/site-packages (from triton==2.0.0->torch==2.0.1->-r requirements.txt (line 4)) (18.1.8)
Requirement already satisfied: aiohappyeyeballs>=2.3.0 in /data2/home/rajkamalr/miniconda3/envs/rag/lib/python3.10/site-packages (from aiohttp<4.0.0,>=3.8.3->langchain==0.0.267->-r requirements.txt (line 1)) (2.4.0)
Requirement already satisfied: aiosignal>=1.1.2 in /data2/home/rajkamalr/miniconda3/envs/rag/lib/python3.10/site-packages (from aiohttp<4.0.0,>=3.8.3->langchain==0.0.267->-r requirements.txt (line 1)) (1.3.1)
Requirement already satisfied: attrs>=17.3.0 in /data2/home/rajkamalr/miniconda3/envs/rag/lib/python3.10/site-packages (from aiohttp<4.0.0,>=3.8.3->langchain==0.0.267->-r requirements.txt (line 1)) (24.2.0)
Requirement already satisfied: frozenlist>=1.1.1 in /data2/home/rajkamalr/miniconda3/envs/rag/lib/python3.10/site-packages (from aiohttp<4.0.0,>=3.8.3->langchain==0.0.267->-r requirements.txt (line 1)) (1.4.1)
Requirement already satisfied: multidict<7.0,>=4.5 in /data2/home/rajkamalr/miniconda3/envs/rag/lib/python3.10/site-packages (from aiohttp<4.0.0,>=3.8.3->langchain==0.0.267->-r requirements.txt (line 1)) (6.1.0)
Requirement already satisfied: yarl<2.0,>=1.0 in /data2/home/rajkamalr/miniconda3/envs/rag/lib/python3.10/site-packages (from aiohttp<4.0.0,>=3.8.3->langchain==0.0.267->-r requirements.txt (line 1)) (1.11.1)
Requirement already satisfied: jsonschema>=3.0 in /data2/home/rajkamalr/miniconda3/envs/rag/lib/python3.10/site-packages (from altair<6,>=4.0->streamlit==1.25.0->-r requirements.txt (line 2)) (4.23.0)
Requirement already satisfied: narwhals>=1.5.2 in /data2/home/rajkamalr/miniconda3/envs/rag/lib/python3.10/site-packages (from altair<6,>=4.0->streamlit==1.25.0->-r requirements.txt (line 2)) (1.8.1)
Requirement already satisfied: pytz in /data2/home/rajkamalr/miniconda3/envs/rag/lib/python3.10/site-packages (from clickhouse-connect>=0.5.7->chromadb==0.3.26->-r requirements.txt (line 12)) (2024.2)
Requirement already satisfied: zstandard in /data2/home/rajkamalr/miniconda3/envs/rag/lib/python3.10/site-packages (from clickhouse-connect>=0.5.7->chromadb==0.3.26->-r requirements.txt (line 12)) (0.23.0)
Requirement already satisfied: lz4 in /data2/home/rajkamalr/miniconda3/envs/rag/lib/python3.10/site-packages (from clickhouse-connect>=0.5.7->chromadb==0.3.26->-r requirements.txt (line 12)) (4.3.3)
Requirement already satisfied: cffi>=1.12 in /data2/home/rajkamalr/miniconda3/envs/rag/lib/python3.10/site-packages (from cryptography>=36.0.0->pdfminer.six==20221105->-r requirements.txt (line 8)) (1.17.1)
Requirement already satisfied: marshmallow<4.0.0,>=3.18.0 in /data2/home/rajkamalr/miniconda3/envs/rag/lib/python3.10/site-packages (from dataclasses-json<0.6.0,>=0.5.7->langchain==0.0.267->-r requirements.txt (line 1)) (3.22.0)
Requirement already satisfied: typing-inspect<1,>=0.4.0 in /data2/home/rajkamalr/miniconda3/envs/rag/lib/python3.10/site-packages (from dataclasses-json<0.6.0,>=0.5.7->langchain==0.0.267->-r requirements.txt (line 1)) (0.9.0)
Requirement already satisfied: starlette<0.39.0,>=0.37.2 in /data2/home/rajkamalr/miniconda3/envs/rag/lib/python3.10/site-packages (from fastapi>=0.85.1->chromadb==0.3.26->-r requirements.txt (line 12)) (0.38.2)
Requirement already satisfied: gitdb<5,>=4.0.1 in /data2/home/rajkamalr/miniconda3/envs/rag/lib/python3.10/site-packages (from gitpython!=3.1.19,<4,>=3.0.7->streamlit==1.25.0->-r requirements.txt (line 2)) (4.0.11)
Requirement already satisfied: fsspec>=2023.5.0 in /data2/home/rajkamalr/miniconda3/envs/rag/lib/python3.10/site-packages (from huggingface-hub<1.0,>=0.14.1->transformers==4.31.0->-r requirements.txt (line 3)) (2024.6.1)
Requirement already satisfied: zipp>=0.5 in /data2/home/rajkamalr/miniconda3/envs/rag/lib/python3.10/site-packages (from importlib-metadata<7,>=1.4->streamlit==1.25.0->-r requirements.txt (line 2)) (3.20.0)
Requirement already satisfied: coloredlogs in /data2/home/rajkamalr/miniconda3/envs/rag/lib/python3.10/site-packages (from onnxruntime>=1.14.1->chromadb==0.3.26->-r requirements.txt (line 12)) (15.0.1)
Requirement already satisfied: flatbuffers in /data2/home/rajkamalr/miniconda3/envs/rag/lib/python3.10/site-packages (from onnxruntime>=1.14.1->chromadb==0.3.26->-r requirements.txt (line 12)) (24.3.25)
Requirement already satisfied: tzdata>=2022.7 in /data2/home/rajkamalr/miniconda3/envs/rag/lib/python3.10/site-packages (from pandas<3,>=1.3.0->streamlit==1.25.0->-r requirements.txt (line 2)) (2024.1)
Requirement already satisfied: monotonic>=1.5 in /data2/home/rajkamalr/miniconda3/envs/rag/lib/python3.10/site-packages (from posthog>=2.4.0->chromadb==0.3.26->-r requirements.txt (line 12)) (1.6)
Requirement already satisfied: backoff>=1.10.0 in /data2/home/rajkamalr/miniconda3/envs/rag/lib/python3.10/site-packages (from posthog>=2.4.0->chromadb==0.3.26->-r requirements.txt (line 12)) (2.2.1)
Requirement already satisfied: annotated-types>=0.4.0 in /data2/home/rajkamalr/miniconda3/envs/rag/lib/python3.10/site-packages (from pydantic<3,>=1->langchain==0.0.267->-r requirements.txt (line 1)) (0.7.0)
Requirement already satisfied: pydantic-core==2.20.1 in /data2/home/rajkamalr/miniconda3/envs/rag/lib/python3.10/site-packages (from pydantic<3,>=1->langchain==0.0.267->-r requirements.txt (line 1)) (2.20.1)
Requirement already satisfied: MarkupSafe>=2.0 in /data2/home/rajkamalr/miniconda3/envs/rag/lib/python3.10/site-packages (from jinja2->torch==2.0.1->-r requirements.txt (line 4)) (2.1.5)
Requirement already satisfied: markdown-it-py>=2.2.0 in /data2/home/rajkamalr/miniconda3/envs/rag/lib/python3.10/site-packages (from rich<14,>=10.14.0->streamlit==1.25.0->-r requirements.txt (line 2)) (3.0.0)
Requirement already satisfied: pygments<3.0.0,>=2.13.0 in /data2/home/rajkamalr/miniconda3/envs/rag/lib/python3.10/site-packages (from rich<14,>=10.14.0->streamlit==1.25.0->-r requirements.txt (line 2)) (2.18.0)
Requirement already satisfied: greenlet!=0.4.17 in /data2/home/rajkamalr/miniconda3/envs/rag/lib/python3.10/site-packages (from SQLAlchemy<3,>=1.4->langchain==0.0.267->-r requirements.txt (line 1)) (3.1.0)
Requirement already satisfied: pytz-deprecation-shim in /data2/home/rajkamalr/miniconda3/envs/rag/lib/python3.10/site-packages (from tzlocal<5,>=1.1->streamlit==1.25.0->-r requirements.txt (line 2)) (0.1.0.post0)
Requirement already satisfied: httptools>=0.4.0 in /data2/home/rajkamalr/miniconda3/envs/rag/lib/python3.10/site-packages (from uvicorn[standard]>=0.18.3->chromadb==0.3.26->-r requirements.txt (line 12)) (0.6.1)
Requirement already satisfied: python-dotenv>=0.13 in /data2/home/rajkamalr/miniconda3/envs/rag/lib/python3.10/site-packages (from uvicorn[standard]>=0.18.3->chromadb==0.3.26->-r requirements.txt (line 12)) (1.0.1)
Requirement already satisfied: uvloop!=0.15.0,!=0.15.1,>=0.14.0 in /data2/home/rajkamalr/miniconda3/envs/rag/lib/python3.10/site-packages (from uvicorn[standard]>=0.18.3->chromadb==0.3.26->-r requirements.txt (line 12)) (0.20.0)
Requirement already satisfied: watchfiles>=0.13 in /data2/home/rajkamalr/miniconda3/envs/rag/lib/python3.10/site-packages (from uvicorn[standard]>=0.18.3->chromadb==0.3.26->-r requirements.txt (line 12)) (0.23.0)
Requirement already satisfied: websockets>=10.0 in /data2/home/rajkamalr/miniconda3/envs/rag/lib/python3.10/site-packages (from uvicorn[standard]>=0.18.3->chromadb==0.3.26->-r requirements.txt (line 12)) (13.0)
Requirement already satisfied: joblib in /data2/home/rajkamalr/miniconda3/envs/rag/lib/python3.10/site-packages (from nltk->sentence_transformers->-r requirements.txt (line 10)) (1.4.2)
Requirement already satisfied: threadpoolctl>=3.1.0 in /data2/home/rajkamalr/miniconda3/envs/rag/lib/python3.10/site-packages (from scikit-learn->sentence_transformers->-r requirements.txt (line 10)) (3.5.0)
Requirement already satisfied: mpmath<1.4,>=1.1.0 in /data2/home/rajkamalr/miniconda3/envs/rag/lib/python3.10/site-packages (from sympy->torch==2.0.1->-r requirements.txt (line 4)) (1.3.0)
Requirement already satisfied: pycparser in /data2/home/rajkamalr/miniconda3/envs/rag/lib/python3.10/site-packages (from cffi>=1.12->cryptography>=36.0.0->pdfminer.six==20221105->-r requirements.txt (line 8)) (2.22)
Requirement already satisfied: smmap<6,>=3.0.1 in /data2/home/rajkamalr/miniconda3/envs/rag/lib/python3.10/site-packages (from gitdb<5,>=4.0.1->gitpython!=3.1.19,<4,>=3.0.7->streamlit==1.25.0->-r requirements.txt (line 2)) (5.0.1)
Requirement already satisfied: jsonschema-specifications>=2023.03.6 in /data2/home/rajkamalr/miniconda3/envs/rag/lib/python3.10/site-packages (from jsonschema>=3.0->altair<6,>=4.0->streamlit==1.25.0->-r requirements.txt (line 2)) (2023.12.1)
Requirement already satisfied: referencing>=0.28.4 in /data2/home/rajkamalr/miniconda3/envs/rag/lib/python3.10/site-packages (from jsonschema>=3.0->altair<6,>=4.0->streamlit==1.25.0->-r requirements.txt (line 2)) (0.35.1)
Requirement already satisfied: rpds-py>=0.7.1 in /data2/home/rajkamalr/miniconda3/envs/rag/lib/python3.10/site-packages (from jsonschema>=3.0->altair<6,>=4.0->streamlit==1.25.0->-r requirements.txt (line 2)) (0.20.0)
Requirement already satisfied: mdurl~=0.1 in /data2/home/rajkamalr/miniconda3/envs/rag/lib/python3.10/site-packages (from markdown-it-py>=2.2.0->rich<14,>=10.14.0->streamlit==1.25
(rag) rajkamalr@WellsFargo:/data6/rk/rajkamalr/RAG/Baseline2/Chat-with-PDF-Chatbot$ python ingest.py 
Traceback (most recent call last):
  File "/data6/rk/rajkamalr/RAG/Baseline2/Chat-with-PDF-Chatbot/ingest.py", line 6, in <module>
    from constants import CHROMA_SETTINGS
  File "/data6/rk/rajkamalr/RAG/Baseline2/Chat-with-PDF-Chatbot/constants.py", line 2, in <module>
    import chromadb
  File "/data2/home/rajkamalr/miniconda3/envs/rag/lib/python3.10/site-packages/chromadb/__init__.py", line 1, in <module>
    import chromadb.config
  File "/data2/home/rajkamalr/miniconda3/envs/rag/lib/python3.10/site-packages/chromadb/config.py", line 1, in <module>
    from pydantic import BaseSettings
  File "/data2/home/rajkamalr/miniconda3/envs/rag/lib/python3.10/site-packages/pydantic/__init__.py", line 395, in __getattr__
    return _getattr_migration(attr_name)
  File "/data2/home/rajkamalr/miniconda3/envs/rag/lib/python3.10/site-packages/pydantic/_migration.py", line 296, in wrapper
    raise PydanticImportError(
pydantic.errors.PydanticImportError: `BaseSettings` has been moved to the `pydantic-settings` package. See https://docs.pydantic.dev/2.8/migration/#basesettings-has-moved-to-pydantic-settings for more details.

For further information visit https://errors.pydantic.dev/2.8/u/import-error
(rag) rajkamalr@WellsFargo:/data6/rk/rajkamalr/RAG/Baseline2/Chat-with-PDF-Chatbot$ pip install -U pydantic
Requirement already satisfied: pydantic in /data2/home/rajkamalr/miniconda3/envs/rag/lib/python3.10/site-packages (2.8.2)
Collecting pydantic
  Downloading pydantic-2.9.2-py3-none-any.whl.metadata (149 kB)
Requirement already satisfied: annotated-types>=0.6.0 in /data2/home/rajkamalr/miniconda3/envs/rag/lib/python3.10/site-packages (from pydantic) (0.7.0)
Collecting pydantic-core==2.23.4 (from pydantic)
  Downloading pydantic_core-2.23.4-cp310-cp310-manylinux_2_17_x86_64.manylinux2014_x86_64.whl.metadata (6.6 kB)
Requirement already satisfied: typing-extensions>=4.6.1 in /data2/home/rajkamalr/miniconda3/envs/rag/lib/python3.10/site-packages (from pydantic) (4.12.2)
Downloading pydantic-2.9.2-py3-none-any.whl (434 kB)
Downloading pydantic_core-2.23.4-cp310-cp310-manylinux_2_17_x86_64.manylinux2014_x86_64.whl (2.1 MB)
   ━━━━━━━━━━━━━━━━━━━━━━━━━━━━━━━━━━━━━━━━ 2.1/2.1 MB 7.9 MB/s eta 0:00:00
Installing collected packages: pydantic-core, pydantic
  Attempting uninstall: pydantic-core
    Found existing installation: pydantic_core 2.20.1
    Uninstalling pydantic_core-2.20.1:
      Successfully uninstalled pydantic_core-2.20.1
  Attempting uninstall: pydantic
    Found existing installation: pydantic 2.8.2
    Uninstalling pydantic-2.8.2:
      Successfully uninstalled pydantic-2.8.2
Successfully installed pydantic-2.9.2 pydantic-core-2.23.4
(rag) rajkamalr@WellsFargo:/data6/rk/rajkamalr/RAG/Baseline2/Chat-with-PDF-Chatbot$ python ingest.py 
Traceback (most recent call last):
  File "/data6/rk/rajkamalr/RAG/Baseline2/Chat-with-PDF-Chatbot/ingest.py", line 6, in <module>
    from constants import CHROMA_SETTINGS
  File "/data6/rk/rajkamalr/RAG/Baseline2/Chat-with-PDF-Chatbot/constants.py", line 2, in <module>
    import chromadb
  File "/data2/home/rajkamalr/miniconda3/envs/rag/lib/python3.10/site-packages/chromadb/__init__.py", line 1, in <module>
    import chromadb.config
  File "/data2/home/rajkamalr/miniconda3/envs/rag/lib/python3.10/site-packages/chromadb/config.py", line 1, in <module>
    from pydantic import BaseSettings
  File "/data2/home/rajkamalr/miniconda3/envs/rag/lib/python3.10/site-packages/pydantic/__init__.py", line 402, in __getattr__
    return _getattr_migration(attr_name)
  File "/data2/home/rajkamalr/miniconda3/envs/rag/lib/python3.10/site-packages/pydantic/_migration.py", line 296, in wrapper
    raise PydanticImportError(
pydantic.errors.PydanticImportError: `BaseSettings` has been moved to the `pydantic-settings` package. See https://docs.pydantic.dev/2.9/migration/#basesettings-has-moved-to-pydantic-settings for more details.

For further information visit https://errors.pydantic.dev/2.9/u/import-error
(rag) rajkamalr@WellsFargo:/data6/rk/rajkamalr/RAG/Baseline2/Chat-with-PDF-Chatbot$ pip install -r requirements.txt 
Requirement already satisfied: langchain==0.0.267 in /data2/home/rajkamalr/miniconda3/envs/rag/lib/python3.10/site-packages (from -r requirements.txt (line 1)) (0.0.267)
Requirement already satisfied: streamlit==1.25.0 in /data2/home/rajkamalr/miniconda3/envs/rag/lib/python3.10/site-packages (from -r requirements.txt (line 2)) (1.25.0)
Requirement already satisfied: transformers==4.31.0 in /data2/home/rajkamalr/miniconda3/envs/rag/lib/python3.10/site-packages (from -r requirements.txt (line 3)) (4.31.0)
Requirement already satisfied: torch==2.0.1 in /data2/home/rajkamalr/miniconda3/envs/rag/lib/python3.10/site-packages (from -r requirements.txt (line 4)) (2.0.1)
Requirement already satisfied: einops==0.6.1 in /data2/home/rajkamalr/miniconda3/envs/rag/lib/python3.10/site-packages (from -r requirements.txt (line 5)) (0.6.1)
Requirement already satisfied: bitsandbytes==0.41.1 in /data2/home/rajkamalr/miniconda3/envs/rag/lib/python3.10/site-packages (from -r requirements.txt (line 6)) (0.41.1)
Requirement already satisfied: accelerate==0.21.0 in /data2/home/rajkamalr/miniconda3/envs/rag/lib/python3.10/site-packages (from -r requirements.txt (line 7)) (0.21.0)
Requirement already satisfied: pdfminer.six==20221105 in /data2/home/rajkamalr/miniconda3/envs/rag/lib/python3.10/site-packages (from -r requirements.txt (line 8)) (20221105)
Requirement already satisfied: bs4==0.0.1 in /data2/home/rajkamalr/miniconda3/envs/rag/lib/python3.10/site-packages (from -r requirements.txt (line 9)) (0.0.1)
Requirement already satisfied: sentence_transformers in /data2/home/rajkamalr/miniconda3/envs/rag/lib/python3.10/site-packages (from -r requirements.txt (line 10)) (2.2.2)
Requirement already satisfied: duckdb==0.7.1 in /data2/home/rajkamalr/miniconda3/envs/rag/lib/python3.10/site-packages (from -r requirements.txt (line 11)) (0.7.1)
Collecting chromadb==0.3.8 (from -r requirements.txt (line 12))
  Downloading chromadb-0.3.8-py3-none-any.whl.metadata (4.0 kB)
Requirement already satisfied: beautifulsoup4==4.12.2 in /data2/home/rajkamalr/miniconda3/envs/rag/lib/python3.10/site-packages (from -r requirements.txt (line 13)) (4.12.2)
Requirement already satisfied: sentencepiece==0.1.99 in /data2/home/rajkamalr/miniconda3/envs/rag/lib/python3.10/site-packages (from -r requirements.txt (line 15)) (0.1.99)
Requirement already satisfied: six==1.16.0 in /data2/home/rajkamalr/miniconda3/envs/rag/lib/python3.10/site-packages (from -r requirements.txt (line 16)) (1.16.0)
Requirement already satisfied: requests==2.31.0 in /data2/home/rajkamalr/miniconda3/envs/rag/lib/python3.10/site-packages (from -r requirements.txt (line 17)) (2.31.0)
Requirement already satisfied: uvicorn==0.18.3 in /data2/home/rajkamalr/miniconda3/envs/rag/lib/python3.10/site-packages (from -r requirements.txt (line 18)) (0.18.3)
Requirement already satisfied: torchvision==0.15.2 in /data2/home/rajkamalr/miniconda3/envs/rag/lib/python3.10/site-packages (from -r requirements.txt (line 20)) (0.15.2)
Requirement already satisfied: streamlit-chat in /data2/home/rajkamalr/miniconda3/envs/rag/lib/python3.10/site-packages (from -r requirements.txt (line 21)) (0.1.1)
Requirement already satisfied: PyYAML>=5.3 in /data2/home/rajkamalr/miniconda3/envs/rag/lib/python3.10/site-packages (from langchain==0.0.267->-r requirements.txt (line 1)) (6.0.2)
Requirement already satisfied: SQLAlchemy<3,>=1.4 in /data2/home/rajkamalr/miniconda3/envs/rag/lib/python3.10/site-packages (from langchain==0.0.267->-r requirements.txt (line 1)) (2.0.35)
Requirement already satisfied: aiohttp<4.0.0,>=3.8.3 in /data2/home/rajkamalr/miniconda3/envs/rag/lib/python3.10/site-packages (from langchain==0.0.267->-r requirements.txt (line 1)) (3.10.5)
Requirement already satisfied: async-timeout<5.0.0,>=4.0.0 in /data2/home/rajkamalr/miniconda3/envs/rag/lib/python3.10/site-packages (from langchain==0.0.267->-r requirements.txt (line 1)) (4.0.3)
Requirement already satisfied: dataclasses-json<0.6.0,>=0.5.7 in /data2/home/rajkamalr/miniconda3/envs/rag/lib/python3.10/site-packages (from langchain==0.0.267->-r requirements.txt (line 1)) (0.5.14)
Requirement already satisfied: langsmith<0.1.0,>=0.0.21 in /data2/home/rajkamalr/miniconda3/envs/rag/lib/python3.10/site-packages (from langchain==0.0.267->-r requirements.txt (line 1)) (0.0.92)
Requirement already satisfied: numexpr<3.0.0,>=2.8.4 in /data2/home/rajkamalr/miniconda3/envs/rag/lib/python3.10/site-packages (from langchain==0.0.267->-r requirements.txt (line 1)) (2.10.1)
Requirement already satisfied: numpy<2,>=1 in /data2/home/rajkamalr/miniconda3/envs/rag/lib/python3.10/site-packages (from langchain==0.0.267->-r requirements.txt (line 1)) (1.26.4)
Requirement already satisfied: openapi-schema-pydantic<2.0,>=1.2 in /data2/home/rajkamalr/miniconda3/envs/rag/lib/python3.10/site-packages (from langchain==0.0.267->-r requirements.txt (line 1)) (1.2.4)
Requirement already satisfied: pydantic<3,>=1 in /data2/home/rajkamalr/miniconda3/envs/rag/lib/python3.10/site-packages (from langchain==0.0.267->-r requirements.txt (line 1)) (2.9.2)
Requirement already satisfied: tenacity<9.0.0,>=8.1.0 in /data2/home/rajkamalr/miniconda3/envs/rag/lib/python3.10/site-packages (from langchain==0.0.267->-r requirements.txt (line 1)) (8.5.0)
Requirement already satisfied: altair<6,>=4.0 in /data2/home/rajkamalr/miniconda3/envs/rag/lib/python3.10/site-packages (from streamlit==1.25.0->-r requirements.txt (line 2)) (5.4.1)
Requirement already satisfied: blinker<2,>=1.0.0 in /data2/home/rajkamalr/miniconda3/envs/rag/lib/python3.10/site-packages (from streamlit==1.25.0->-r requirements.txt (line 2)) (1.8.2)
Requirement already satisfied: cachetools<6,>=4.0 in /data2/home/rajkamalr/miniconda3/envs/rag/lib/python3.10/site-packages (from streamlit==1.25.0->-r requirements.txt (line 2)) (5.5.0)
Requirement already satisfied: click<9,>=7.0 in /data2/home/rajkamalr/miniconda3/envs/rag/lib/python3.10/site-packages (from streamlit==1.25.0->-r requirements.txt (line 2)) (8.1.7)
Requirement already satisfied: importlib-metadata<7,>=1.4 in /data2/home/rajkamalr/miniconda3/envs/rag/lib/python3.10/site-packages (from streamlit==1.25.0->-r requirements.txt (line 2)) (6.11.0)
Requirement already satisfied: packaging<24,>=16.8 in /data2/home/rajkamalr/miniconda3/envs/rag/lib/python3.10/site-packages (from streamlit==1.25.0->-r requirements.txt (line 2)) (23.2)
Requirement already satisfied: pandas<3,>=1.3.0 in /data2/home/rajkamalr/miniconda3/envs/rag/lib/python3.10/site-packages (from streamlit==1.25.0->-r requirements.txt (line 2)) (2.2.2)
Requirement already satisfied: pillow<10,>=7.1.0 in /data2/home/rajkamalr/miniconda3/envs/rag/lib/python3.10/site-packages (from streamlit==1.25.0->-r requirements.txt (line 2)) (9.5.0)
Requirement already satisfied: protobuf<5,>=3.20 in /data2/home/rajkamalr/miniconda3/envs/rag/lib/python3.10/site-packages (from streamlit==1.25.0->-r requirements.txt (line 2)) (4.25.4)
Requirement already satisfied: pyarrow>=6.0 in /data2/home/rajkamalr/miniconda3/envs/rag/lib/python3.10/site-packages (from streamlit==1.25.0->-r requirements.txt (line 2)) (17.0.0)
Requirement already satisfied: pympler<2,>=0.9 in /data2/home/rajkamalr/miniconda3/envs/rag/lib/python3.10/site-packages (from streamlit==1.25.0->-r requirements.txt (line 2)) (1.1)
Requirement already satisfied: python-dateutil<3,>=2.7.3 in /data2/home/rajkamalr/miniconda3/envs/rag/lib/python3.10/site-packages (from streamlit==1.25.0->-r requirements.txt (line 2)) (2.9.0)
Requirement already satisfied: rich<14,>=10.14.0 in /data2/home/rajkamalr/miniconda3/envs/rag/lib/python3.10/site-packages (from streamlit==1.25.0->-r requirements.txt (line 2)) (13.7.1)
Requirement already satisfied: toml<2,>=0.10.1 in /data2/home/rajkamalr/miniconda3/envs/rag/lib/python3.10/site-packages (from streamlit==1.25.0->-r requirements.txt (line 2)) (0.10.2)
Requirement already satisfied: typing-extensions<5,>=4.1.0 in /data2/home/rajkamalr/miniconda3/envs/rag/lib/python3.10/site-packages (from streamlit==1.25.0->-r requirements.txt (line 2)) (4.12.2)
Requirement already satisfied: tzlocal<5,>=1.1 in /data2/home/rajkamalr/miniconda3/envs/rag/lib/python3.10/site-packages (from streamlit==1.25.0->-r requirements.txt (line 2)) (4.3.1)
Requirement already satisfied: validators<1,>=0.2 in /data2/home/rajkamalr/miniconda3/envs/rag/lib/python3.10/site-packages (from streamlit==1.25.0->-r requirements.txt (line 2)) (0.34.0)
Requirement already satisfied: gitpython!=3.1.19,<4,>=3.0.7 in /data2/home/rajkamalr/miniconda3/envs/rag/lib/python3.10/site-packages (from streamlit==1.25.0->-r requirements.txt (line 2)) (3.1.43)
Requirement already satisfied: pydeck<1,>=0.8 in /data2/home/rajkamalr/miniconda3/envs/rag/lib/python3.10/site-packages (from streamlit==1.25.0->-r requirements.txt (line 2)) (0.9.1)
Requirement already satisfied: tornado<7,>=6.0.3 in /data2/home/rajkamalr/miniconda3/envs/rag/lib/python3.10/site-packages (from streamlit==1.25.0->-r requirements.txt (line 2)) (6.4.1)
Requirement already satisfied: watchdog>=2.1.5 in /data2/home/rajkamalr/miniconda3/envs/rag/lib/python3.10/site-packages (from streamlit==1.25.0->-r requirements.txt (line 2)) (5.0.2)
Requirement already satisfied: filelock in /data2/home/rajkamalr/miniconda3/envs/rag/lib/python3.10/site-packages (from transformers==4.31.0->-r requirements.txt (line 3)) (3.15.4)
Requirement already satisfied: huggingface-hub<1.0,>=0.14.1 in /data2/home/rajkamalr/miniconda3/envs/rag/lib/python3.10/site-packages (from transformers==4.31.0->-r requirements.txt (line 3)) (0.24.6)
Requirement already satisfied: regex!=2019.12.17 in /data2/home/rajkamalr/miniconda3/envs/rag/lib/python3.10/site-packages (from transformers==4.31.0->-r requirements.txt (line 3)) (2024.7.24)
Requirement already satisfied: tokenizers!=0.11.3,<0.14,>=0.11.1 in /data2/home/rajkamalr/miniconda3/envs/rag/lib/python3.10/site-packages (from transformers==4.31.0->-r requirements.txt (line 3)) (0.13.3)
Requirement already satisfied: safetensors>=0.3.1 in /data2/home/rajkamalr/miniconda3/envs/rag/lib/python3.10/site-packages (from transformers==4.31.0->-r requirements.txt (line 3)) (0.4.4)
Requirement already satisfied: tqdm>=4.27 in /data2/home/rajkamalr/miniconda3/envs/rag/lib/python3.10/site-packages (from transformers==4.31.0->-r requirements.txt (line 3)) (4.66.5)
Requirement already satisfied: sympy in /data2/home/rajkamalr/miniconda3/envs/rag/lib/python3.10/site-packages (from torch==2.0.1->-r requirements.txt (line 4)) (1.13.2)
Requirement already satisfied: networkx in /data2/home/rajkamalr/miniconda3/envs/rag/lib/python3.10/site-packages (from torch==2.0.1->-r requirements.txt (line 4)) (3.3)
Requirement already satisfied: jinja2 in /data2/home/rajkamalr/miniconda3/envs/rag/lib/python3.10/site-packages (from torch==2.0.1->-r requirements.txt (line 4)) (3.1.4)
Requirement already satisfied: nvidia-cuda-nvrtc-cu11==11.7.99 in /data2/home/rajkamalr/miniconda3/envs/rag/lib/python3.10/site-packages (from torch==2.0.1->-r requirements.txt (line 4)) (11.7.99)
Requirement already satisfied: nvidia-cuda-runtime-cu11==11.7.99 in /data2/home/rajkamalr/miniconda3/envs/rag/lib/python3.10/site-packages (from torch==2.0.1->-r requirements.txt (line 4)) (11.7.99)
Requirement already satisfied: nvidia-cuda-cupti-cu11==11.7.101 in /data2/home/rajkamalr/miniconda3/envs/rag/lib/python3.10/site-packages (from torch==2.0.1->-r requirements.txt (line 4)) (11.7.101)
Requirement already satisfied: nvidia-cudnn-cu11==8.5.0.96 in /data2/home/rajkamalr/miniconda3/envs/rag/lib/python3.10/site-packages (from torch==2.0.1->-r requirements.txt (line 4)) (8.5.0.96)
Requirement already satisfied: nvidia-cublas-cu11==11.10.3.66 in /data2/home/rajkamalr/miniconda3/envs/rag/lib/python3.10/site-packages (from torch==2.0.1->-r requirements.txt (line 4)) (11.10.3.66)
Requirement already satisfied: nvidia-cufft-cu11==10.9.0.58 in /data2/home/rajkamalr/miniconda3/envs/rag/lib/python3.10/site-packages (from torch==2.0.1->-r requirements.txt (line 4)) (10.9.0.58)
Requirement already satisfied: nvidia-curand-cu11==10.2.10.91 in /data2/home/rajkamalr/miniconda3/envs/rag/lib/python3.10/site-packages (from torch==2.0.1->-r requirements.txt (line 4)) (10.2.10.91)
Requirement already satisfied: nvidia-cusolver-cu11==11.4.0.1 in /data2/home/rajkamalr/miniconda3/envs/rag/lib/python3.10/site-packages (from torch==2.0.1->-r requirements.txt (line 4)) (11.4.0.1)
Requirement already satisfied: nvidia-cusparse-cu11==11.7.4.91 in /data2/home/rajkamalr/miniconda3/envs/rag/lib/python3.10/site-packages (from torch==2.0.1->-r requirements.txt (line 4)) (11.7.4.91)
Requirement already satisfied: nvidia-nccl-cu11==2.14.3 in /data2/home/rajkamalr/miniconda3/envs/rag/lib/python3.10/site-packages (from torch==2.0.1->-r requirements.txt (line 4)) (2.14.3)
Requirement already satisfied: nvidia-nvtx-cu11==11.7.91 in /data2/home/rajkamalr/miniconda3/envs/rag/lib/python3.10/site-packages (from torch==2.0.1->-r requirements.txt (line 4)) (11.7.91)
Requirement already satisfied: triton==2.0.0 in /data2/home/rajkamalr/miniconda3/envs/rag/lib/python3.10/site-packages (from torch==2.0.1->-r requirements.txt (line 4)) (2.0.0)
Requirement already satisfied: psutil in /data2/home/rajkamalr/miniconda3/envs/rag/lib/python3.10/site-packages (from accelerate==0.21.0->-r requirements.txt (line 7)) (6.0.0)
Requirement already satisfied: charset-normalizer>=2.0.0 in /data2/home/rajkamalr/miniconda3/envs/rag/lib/python3.10/site-packages (from pdfminer.six==20221105->-r requirements.txt (line 8)) (3.3.2)
Requirement already satisfied: cryptography>=36.0.0 in /data2/home/rajkamalr/miniconda3/envs/rag/lib/python3.10/site-packages (from pdfminer.six==20221105->-r requirements.txt (line 8)) (43.0.1)
Requirement already satisfied: scikit-learn in /data2/home/rajkamalr/miniconda3/envs/rag/lib/python3.10/site-packages (from sentence_transformers->-r requirements.txt (line 10)) (1.5.1)
Requirement already satisfied: scipy in /data2/home/rajkamalr/miniconda3/envs/rag/lib/python3.10/site-packages (from sentence_transformers->-r requirements.txt (line 10)) (1.14.1)
Requirement already satisfied: nltk in /data2/home/rajkamalr/miniconda3/envs/rag/lib/python3.10/site-packages (from sentence_transformers->-r requirements.txt (line 10)) (3.9.1)
Requirement already satisfied: hnswlib>=0.7 in /data2/home/rajkamalr/miniconda3/envs/rag/lib/python3.10/site-packages (from chromadb==0.3.8->-r requirements.txt (line 12)) (0.8.0)
Requirement already satisfied: clickhouse-connect>=0.5.7 in /data2/home/rajkamalr/miniconda3/envs/rag/lib/python3.10/site-packages (from chromadb==0.3.8->-r requirements.txt (line 12)) (0.7.19)
Requirement already satisfied: fastapi>=0.85.1 in /data2/home/rajkamalr/miniconda3/envs/rag/lib/python3.10/site-packages (from chromadb==0.3.8->-r requirements.txt (line 12)) (0.112.1)
Requirement already satisfied: soupsieve>1.2 in /data2/home/rajkamalr/miniconda3/envs/rag/lib/python3.10/site-packages (from beautifulsoup4==4.12.2->-r requirements.txt (line 13)) (2.6)
Requirement already satisfied: idna<4,>=2.5 in /data2/home/rajkamalr/miniconda3/envs/rag/lib/python3.10/site-packages (from requests==2.31.0->-r requirements.txt (line 17)) (3.8)
Requirement already satisfied: urllib3<3,>=1.21.1 in /data2/home/rajkamalr/miniconda3/envs/rag/lib/python3.10/site-packages (from requests==2.31.0->-r requirements.txt (line 17)) (2.2.2)
Requirement already satisfied: certifi>=2017.4.17 in /data2/home/rajkamalr/miniconda3/envs/rag/lib/python3.10/site-packages (from requests==2.31.0->-r requirements.txt (line 17)) (2024.7.4)
Requirement already satisfied: h11>=0.8 in /data2/home/rajkamalr/miniconda3/envs/rag/lib/python3.10/site-packages (from uvicorn==0.18.3->-r requirements.txt (line 18)) (0.14.0)
Requirement already satisfied: setuptools in /data2/home/rajkamalr/miniconda3/envs/rag/lib/python3.10/site-packages (from nvidia-cublas-cu11==11.10.3.66->torch==2.0.1->-r requirements.txt (line 4)) (72.1.0)
Requirement already satisfied: wheel in /data2/home/rajkamalr/miniconda3/envs/rag/lib/python3.10/site-packages (from nvidia-cublas-cu11==11.10.3.66->torch==2.0.1->-r requirements.txt (line 4)) (0.43.0)
Requirement already satisfied: cmake in /data2/home/rajkamalr/miniconda3/envs/rag/lib/python3.10/site-packages (from triton==2.0.0->torch==2.0.1->-r requirements.txt (line 4)) (3.30.3)
Requirement already satisfied: lit in /data2/home/rajkamalr/miniconda3/envs/rag/lib/python3.10/site-packages (from triton==2.0.0->torch==2.0.1->-r requirements.txt (line 4)) (18.1.8)
Requirement already satisfied: aiohappyeyeballs>=2.3.0 in /data2/home/rajkamalr/miniconda3/envs/rag/lib/python3.10/site-packages (from aiohttp<4.0.0,>=3.8.3->langchain==0.0.267->-r requirements.txt (line 1)) (2.4.0)
Requirement already satisfied: aiosignal>=1.1.2 in /data2/home/rajkamalr/miniconda3/envs/rag/lib/python3.10/site-packages (from aiohttp<4.0.0,>=3.8.3->langchain==0.0.267->-r requirements.txt (line 1)) (1.3.1)
Requirement already satisfied: attrs>=17.3.0 in /data2/home/rajkamalr/miniconda3/envs/rag/lib/python3.10/site-packages (from aiohttp<4.0.0,>=3.8.3->langchain==0.0.267->-r requirements.txt (line 1)) (24.2.0)
Requirement already satisfied: frozenlist>=1.1.1 in /data2/home/rajkamalr/miniconda3/envs/rag/lib/python3.10/site-packages (from aiohttp<4.0.0,>=3.8.3->langchain==0.0.267->-r requirements.txt (line 1)) (1.4.1)
Requirement already satisfied: multidict<7.0,>=4.5 in /data2/home/rajkamalr/miniconda3/envs/rag/lib/python3.10/site-packages (from aiohttp<4.0.0,>=3.8.3->langchain==0.0.267->-r requirements.txt (line 1)) (6.1.0)
Requirement already satisfied: yarl<2.0,>=1.0 in /data2/home/rajkamalr/miniconda3/envs/rag/lib/python3.10/site-packages (from aiohttp<4.0.0,>=3.8.3->langchain==0.0.267->-r requirements.txt (line 1)) (1.11.1)
Requirement already satisfied: jsonschema>=3.0 in /data2/home/rajkamalr/miniconda3/envs/rag/lib/python3.10/site-packages (from altair<6,>=4.0->streamlit==1.25.0->-r requirements.txt (line 2)) (4.23.0)
Requirement already satisfied: narwhals>=1.5.2 in /data2/home/rajkamalr/miniconda3/envs/rag/lib/python3.10/site-packages (from altair<6,>=4.0->streamlit==1.25.0->-r requirements.txt (line 2)) (1.8.1)
Requirement already satisfied: pytz in /data2/home/rajkamalr/miniconda3/envs/rag/lib/python3.10/site-packages (from clickhouse-connect>=0.5.7->chromadb==0.3.8->-r requirements.txt (line 12)) (2024.2)
Requirement already satisfied: zstandard in /data2/home/rajkamalr/miniconda3/envs/rag/lib/python3.10/site-packages (from clickhouse-connect>=0.5.7->chromadb==0.3.8->-r requirements.txt (line 12)) (0.23.0)
Requirement already satisfied: lz4 in /data2/home/rajkamalr/miniconda3/envs/rag/lib/python3.10/site-packages (from clickhouse-connect>=0.5.7->chromadb==0.3.8->-r requirements.txt (line 12)) (4.3.3)
Requirement already satisfied: cffi>=1.12 in /data2/home/rajkamalr/miniconda3/envs/rag/lib/python3.10/site-packages (from cryptography>=36.0.0->pdfminer.six==20221105->-r requirements.txt (line 8)) (1.17.1)
Requirement already satisfied: marshmallow<4.0.0,>=3.18.0 in /data2/home/rajkamalr/miniconda3/envs/rag/lib/python3.10/site-packages (from dataclasses-json<0.6.0,>=0.5.7->langchain==0.0.267->-r requirements.txt (line 1)) (3.22.0)
Requirement already satisfied: typing-inspect<1,>=0.4.0 in /data2/home/rajkamalr/miniconda3/envs/rag/lib/python3.10/site-packages (from dataclasses-json<0.6.0,>=0.5.7->langchain==0.0.267->-r requirements.txt (line 1)) (0.9.0)
Requirement already satisfied: starlette<0.39.0,>=0.37.2 in /data2/home/rajkamalr/miniconda3/envs/rag/lib/python3.10/site-packages (from fastapi>=0.85.1->chromadb==0.3.8->-r requirements.txt (line 12)) (0.38.2)
Requirement already satisfied: gitdb<5,>=4.0.1 in /data2/home/rajkamalr/miniconda3/envs/rag/lib/python3.10/site-packages (from gitpython!=3.1.19,<4,>=3.0.7->streamlit==1.25.0->-r requirements.txt (line 2)) (4.0.11)
Requirement already satisfied: fsspec>=2023.5.0 in /data2/home/rajkamalr/miniconda3/envs/rag/lib/python3.10/site-packages (from huggingface-hub<1.0,>=0.14.1->transformers==4.31.0->-r requirements.txt (line 3)) (2024.6.1)
Requirement already satisfied: zipp>=0.5 in /data2/home/rajkamalr/miniconda3/envs/rag/lib/python3.10/site-packages (from importlib-metadata<7,>=1.4->streamlit==1.25.0->-r requirements.txt (line 2)) (3.20.0)
Requirement already satisfied: tzdata>=2022.7 in /data2/home/rajkamalr/miniconda3/envs/rag/lib/python3.10/site-packages (from pandas<3,>=1.3.0->streamlit==1.25.0->-r requirements.txt (line 2)) (2024.1)
Requirement already satisfied: annotated-types>=0.6.0 in /data2/home/rajkamalr/miniconda3/envs/rag/lib/python3.10/site-packages (from pydantic<3,>=1->langchain==0.0.267->-r requirements.txt (line 1)) (0.7.0)
Requirement already satisfied: pydantic-core==2.23.4 in /data2/home/rajkamalr/miniconda3/envs/rag/lib/python3.10/site-packages (from pydantic<3,>=1->langchain==0.0.267->-r requirements.txt (line 1)) (2.23.4)
Requirement already satisfied: MarkupSafe>=2.0 in /data2/home/rajkamalr/miniconda3/envs/rag/lib/python3.10/site-packages (from jinja2->torch==2.0.1->-r requirements.txt (line 4)) (2.1.5)
Requirement already satisfied: markdown-it-py>=2.2.0 in /data2/home/rajkamalr/miniconda3/envs/rag/lib/python3.10/site-packages (from rich<14,>=10.14.0->streamlit==1.25.0->-r requirements.txt (line 2)) (3.0.0)
Requirement already satisfied: pygments<3.0.0,>=2.13.0 in /data2/home/rajkamalr/miniconda3/envs/rag/lib/python3.10/site-packages (from rich<14,>=10.14.0->streamlit==1.25.0->-r requirements.txt (line 2)) (2.18.0)
Requirement already satisfied: greenlet!=0.4.17 in /data2/home/rajkamalr/miniconda3/envs/rag/lib/python3.10/site-packages (from SQLAlchemy<3,>=1.4->langchain==0.0.267->-r requirements.txt (line 1)) (3.1.0)
Requirement already satisfied: pytz-deprecation-shim in /data2/home/rajkamalr/miniconda3/envs/rag/lib/python3.10/site-packages (from tzlocal<5,>=1.1->streamlit==1.25.0->-r requirements.txt (line 2)) (0.1.0.post0)
Requirement already satisfied: httptools>=0.4.0 in /data2/home/rajkamalr/miniconda3/envs/rag/lib/python3.10/site-packages (from uvicorn[standard]>=0.18.3->chromadb==0.3.8->-r requirements.txt (line 12)) (0.6.1)
Requirement already satisfied: python-dotenv>=0.13 in /data2/home/rajkamalr/miniconda3/envs/rag/lib/python3.10/site-packages (from uvicorn[standard]>=0.18.3->chromadb==0.3.8->-r requirements.txt (line 12)) (1.0.1)
Requirement already satisfied: uvloop!=0.15.0,!=0.15.1,>=0.14.0 in /data2/home/rajkamalr/miniconda3/envs/rag/lib/python3.10/site-packages (from uvicorn[standard]>=0.18.3->chromadb==0.3.8->-r requirements.txt (line 12)) (0.20.0)
Requirement already satisfied: watchfiles>=0.13 in /data2/home/rajkamalr/miniconda3/envs/rag/lib/python3.10/site-packages (from uvicorn[standard]>=0.18.3->chromadb==0.3.8->-r requirements.txt (line 12)) (0.23.0)
Requirement already satisfied: websockets>=10.0 in /data2/home/rajkamalr/miniconda3/envs/rag/lib/python3.10/site-packages (from uvicorn[standard]>=0.18.3->chromadb==0.3.8->-r requirements.txt (line 12)) (13.0)
Requirement already satisfied: joblib in /data2/home/rajkamalr/miniconda3/envs/rag/lib/python3.10/site-packages (from nltk->sentence_transformers->-r requirements.txt (line 10)) (1.4.2)
Requirement already satisfied: threadpoolctl>=3.1.0 in /data2/home/rajkamalr/miniconda3/envs/rag/lib/python3.10/site-packages (from scikit-learn->sentence_transformers->-r requirements.txt (line 10)) (3.5.0)
Requirement already satisfied: mpmath<1.4,>=1.1.0 in /data2/home/rajkamalr/miniconda3/envs/rag/lib/python3.10/site-packages (from sympy->torch==2.0.1->-r requirements.txt (line 4)) (1.3.0)
Requirement already satisfied: pycparser in /data2/home/rajkamalr/miniconda3/envs/rag/lib/python3.10/site-packages (from cffi>=1.12->cryptography>=36.0.0->pdfminer.six==20221105->-r requirements.txt (line 8)) (2.22)
Requirement already satisfied: smmap<6,>=3.0.1 in /data2/home/rajkamalr/miniconda3/envs/rag/lib/python3.10/site-packages (from gitdb<5,>=4.0.1->gitpython!=3.1.19,<4,>=3.0.7->streamlit==1.25.0->-r requirements.txt (line 2)) (5.0.1)
Requirement already satisfied: jsonschema-specifications>=2023.03.6 in /data2/home/rajkamalr/miniconda3/envs/rag/lib/python3.10/site-packages (from jsonschema>=3.0->altair<6,>=4.0->streamlit==1.25.0->-r requirements.txt (line 2)) (2023.12.1)
Requirement already satisfied: referencing>=0.28.4 in /data2/home/rajkamalr/miniconda3/envs/rag/lib/python3.10/site-packages (from jsonschema>=3.0->altair<6,>=4.0->streamlit==1.25.0->-r requirements.txt (line 2)) (0.35.1)
Requirement already satisfied: rpds-py>=0.7.1 in /data2/home/rajkamalr/miniconda3/envs/rag/lib/python3.10/site-packages (from jsonschema>=3.0->altair<6,>=4.0->streamlit==1.25.0->-r requirements.txt (line 2)) (0.20.0)
Requirement already satisfied: mdurl~=0.1 in /data2/home/rajkamalr/miniconda3/envs/rag/lib/python3.10/site-packages (from markdown-it-py>=2.2.0->rich<14,>=10.14.0->streamlit==1.25.0->-r requirements.txt (line 2)) (0.1.2)
Requirement already satisfied: anyio<5,>=3.4.0 in /data2/home/rajkamalr/miniconda3/envs/rag/lib/python3.10/site-packages (from starlette<0.39.0,>=0.37.2->fastapi>=0.85.1->chromadb==0.3.8->-r requirements.txt (line 12)) (4.4.0)
Requirement already satisfied: mypy-extensions>=0.3.0 in /data2/home/rajkamalr/miniconda3/envs/rag/lib/python3.10/site-packages (from typing-inspect<1,>=0.4.0->dataclasses-json<0.6.0,>=0.5.7->langchain==0.0.267->-r requirements.txt (line 1)) (1.0.0)
Requirement already satisfied: sniffio>=1.1 in /data2/home/rajkamalr/miniconda3/envs/rag/lib/python3.10/site-packages (from anyio<5,>=3.4.0->starlette<0.39.0,>=0.37.2->fastapi>=0.85.1->chromadb==0.3.8->-r requirements.txt (line 12)) (1.3.1)
Requirement already satisfied: exceptiongroup>=1.0.2 in /data2/home/rajkamalr/miniconda3/envs/rag/lib/python3.10/site-packages (from anyio<5,>=3.4.0->starlette<0.39.0,>=0.37.2->fastapi>=0.85.1->chromadb==0.3.8->-r requirements.txt (line 12)) (1.2.2)
Downloading chromadb-0.3.8-py3-none-any.whl (40 kB)
Installing collected packages: chromadb
  Attempting uninstall: chromadb
    Found existing installation: chromadb 0.3.26
    Uninstalling chromadb-0.3.26:
      Successfully uninstalled chromadb-0.3.26
Successfully installed chromadb-0.3.8
(rag) rajkamalr@WellsFargo:/data6/rk/rajkamalr/RAG/Baseline2/Chat-with-PDF-Chatbot$ python ingest.py 
Traceback (most recent call last):
  File "/data6/rk/rajkamalr/RAG/Baseline2/Chat-with-PDF-Chatbot/ingest.py", line 6, in <module>
    from constants import CHROMA_SETTINGS
  File "/data6/rk/rajkamalr/RAG/Baseline2/Chat-with-PDF-Chatbot/constants.py", line 2, in <module>
    import chromadb
  File "/data2/home/rajkamalr/miniconda3/envs/rag/lib/python3.10/site-packages/chromadb/__init__.py", line 1, in <module>
    import chromadb.config
  File "/data2/home/rajkamalr/miniconda3/envs/rag/lib/python3.10/site-packages/chromadb/config.py", line 1, in <module>
    from pydantic import BaseSettings, Field
  File "/data2/home/rajkamalr/miniconda3/envs/rag/lib/python3.10/site-packages/pydantic/__init__.py", line 402, in __getattr__
    return _getattr_migration(attr_name)
  File "/data2/home/rajkamalr/miniconda3/envs/rag/lib/python3.10/site-packages/pydantic/_migration.py", line 296, in wrapper
    raise PydanticImportError(
pydantic.errors.PydanticImportError: `BaseSettings` has been moved to the `pydantic-settings` package. See https://docs.pydantic.dev/2.9/migration/#basesettings-has-moved-to-pydantic-settings for more details.

For further information visit https://errors.pydantic.dev/2.9/u/import-error
(rag) rajkamalr@WellsFargo:/data6/rk/rajkamalr/RAG/Baseline2/Chat-with-PDF-Chatbot$ pip freeze | grep pydantic
openapi-schema-pydantic==1.2.4
pydantic==2.9.2
pydantic-settings==2.5.2
pydantic_core==2.23.4
(rag) rajkamalr@WellsFargo:/data6/rk/rajkamalr/RAG/Baseline2/Chat-with-PDF-Chatbot$ pip install pydantic==2.0
Collecting pydantic==2.0
  Downloading pydantic-2.0-py3-none-any.whl.metadata (117 kB)
Requirement already satisfied: annotated-types>=0.4.0 in /data2/home/rajkamalr/miniconda3/envs/rag/lib/python3.10/site-packages (from pydantic==2.0) (0.7.0)
Collecting pydantic-core==2.0.1 (from pydantic==2.0)
  Downloading pydantic_core-2.0.1-cp310-cp310-manylinux_2_17_x86_64.manylinux2014_x86_64.whl.metadata (5.2 kB)
Requirement already satisfied: typing-extensions>=4.6.1 in /data2/home/rajkamalr/miniconda3/envs/rag/lib/python3.10/site-packages (from pydantic==2.0) (4.12.2)
Downloading pydantic-2.0-py3-none-any.whl (355 kB)
Downloading pydantic_core-2.0.1-cp310-cp310-manylinux_2_17_x86_64.manylinux2014_x86_64.whl (1.5 MB)
   ━━━━━━━━━━━━━━━━━━━━━━━━━━━━━━━━━━━━━━━━ 1.5/1.5 MB 4.2 MB/s eta 0:00:00
Installing collected packages: pydantic-core, pydantic
  Attempting uninstall: pydantic-core
    Found existing installation: pydantic_core 2.23.4
    Uninstalling pydantic_core-2.23.4:
      Successfully uninstalled pydantic_core-2.23.4
  Attempting uninstall: pydantic
    Found existing installation: pydantic 2.9.2
    Uninstalling pydantic-2.9.2:
      Successfully uninstalled pydantic-2.9.2
ERROR: pip's dependency resolver does not currently take into account all the packages that are installed. This behaviour is the source of the following dependency conflicts.
fastapi 0.112.1 requires pydantic!=1.8,!=1.8.1,!=2.0.0,!=2.0.1,!=2.1.0,<3.0.0,>=1.7.4, but you have pydantic 2.0 which is incompatible.
pydantic-settings 2.5.2 requires pydantic>=2.7.0, but you have pydantic 2.0 which is incompatible.
Successfully installed pydantic-2.0 pydantic-core-2.0.1
(rag) rajkamalr@WellsFargo:/data6/rk/rajkamalr/RAG/Baseline2/Chat-with-PDF-Chatbot$ pip install -r requirements.txt 
Requirement already satisfied: langchain==0.0.267 in /data2/home/rajkamalr/miniconda3/envs/rag/lib/python3.10/site-packages (from -r requirements.txt (line 1)) (0.0.267)
Requirement already satisfied: streamlit==1.25.0 in /data2/home/rajkamalr/miniconda3/envs/rag/lib/python3.10/site-packages (from -r requirements.txt (line 2)) (1.25.0)
Requirement already satisfied: transformers==4.31.0 in /data2/home/rajkamalr/miniconda3/envs/rag/lib/python3.10/site-packages (from -r requirements.txt (line 3)) (4.31.0)
Requirement already satisfied: torch==2.0.1 in /data2/home/rajkamalr/miniconda3/envs/rag/lib/python3.10/site-packages (from -r requirements.txt (line 4)) (2.0.1)
Requirement already satisfied: einops==0.6.1 in /data2/home/rajkamalr/miniconda3/envs/rag/lib/python3.10/site-packages (from -r requirements.txt (line 5)) (0.6.1)
Requirement already satisfied: bitsandbytes==0.41.1 in /data2/home/rajkamalr/miniconda3/envs/rag/lib/python3.10/site-packages (from -r requirements.txt (line 6)) (0.41.1)
Requirement already satisfied: accelerate==0.21.0 in /data2/home/rajkamalr/miniconda3/envs/rag/lib/python3.10/site-packages (from -r requirements.txt (line 7)) (0.21.0)
Requirement already satisfied: pdfminer.six==20221105 in /data2/home/rajkamalr/miniconda3/envs/rag/lib/python3.10/site-packages (from -r requirements.txt (line 8)) (20221105)
Requirement already satisfied: bs4==0.0.1 in /data2/home/rajkamalr/miniconda3/envs/rag/lib/python3.10/site-packages (from -r requirements.txt (line 9)) (0.0.1)
Requirement already satisfied: sentence_transformers in /data2/home/rajkamalr/miniconda3/envs/rag/lib/python3.10/site-packages (from -r requirements.txt (line 10)) (2.2.2)
Requirement already satisfied: duckdb==0.7.1 in /data2/home/rajkamalr/miniconda3/envs/rag/lib/python3.10/site-packages (from -r requirements.txt (line 11)) (0.7.1)
Collecting chromadb==0.3.26 (from -r requirements.txt (line 12))
  Using cached chromadb-0.3.26-py3-none-any.whl.metadata (6.8 kB)
Requirement already satisfied: beautifulsoup4==4.12.2 in /data2/home/rajkamalr/miniconda3/envs/rag/lib/python3.10/site-packages (from -r requirements.txt (line 13)) (4.12.2)
Requirement already satisfied: sentencepiece==0.1.99 in /data2/home/rajkamalr/miniconda3/envs/rag/lib/python3.10/site-packages (from -r requirements.txt (line 15)) (0.1.99)
Requirement already satisfied: six==1.16.0 in /data2/home/rajkamalr/miniconda3/envs/rag/lib/python3.10/site-packages (from -r requirements.txt (line 16)) (1.16.0)
Requirement already satisfied: requests==2.31.0 in /data2/home/rajkamalr/miniconda3/envs/rag/lib/python3.10/site-packages (from -r requirements.txt (line 17)) (2.31.0)
Requirement already satisfied: uvicorn==0.18.3 in /data2/home/rajkamalr/miniconda3/envs/rag/lib/python3.10/site-packages (from -r requirements.txt (line 18)) (0.18.3)
Requirement already satisfied: torchvision==0.15.2 in /data2/home/rajkamalr/miniconda3/envs/rag/lib/python3.10/site-packages (from -r requirements.txt (line 20)) (0.15.2)
Requirement already satisfied: streamlit-chat in /data2/home/rajkamalr/miniconda3/envs/rag/lib/python3.10/site-packages (from -r requirements.txt (line 21)) (0.1.1)
Requirement already satisfied: PyYAML>=5.3 in /data2/home/rajkamalr/miniconda3/envs/rag/lib/python3.10/site-packages (from langchain==0.0.267->-r requirements.txt (line 1)) (6.0.2)
Requirement already satisfied: SQLAlchemy<3,>=1.4 in /data2/home/rajkamalr/miniconda3/envs/rag/lib/python3.10/site-packages (from langchain==0.0.267->-r requirements.txt (line 1)) (2.0.35)
Requirement already satisfied: aiohttp<4.0.0,>=3.8.3 in /data2/home/rajkamalr/miniconda3/envs/rag/lib/python3.10/site-packages (from langchain==0.0.267->-r requirements.txt (line 1)) (3.10.5)
Requirement already satisfied: async-timeout<5.0.0,>=4.0.0 in /data2/home/rajkamalr/miniconda3/envs/rag/lib/python3.10/site-packages (from langchain==0.0.267->-r requirements.txt (line 1)) (4.0.3)
Requirement already satisfied: dataclasses-json<0.6.0,>=0.5.7 in /data2/home/rajkamalr/miniconda3/envs/rag/lib/python3.10/site-packages (from langchain==0.0.267->-r requirements.txt (line 1)) (0.5.14)
Requirement already satisfied: langsmith<0.1.0,>=0.0.21 in /data2/home/rajkamalr/miniconda3/envs/rag/lib/python3.10/site-packages (from langchain==0.0.267->-r requirements.txt (line 1)) (0.0.92)
Requirement already satisfied: numexpr<3.0.0,>=2.8.4 in /data2/home/rajkamalr/miniconda3/envs/rag/lib/python3.10/site-packages (from langchain==0.0.267->-r requirements.txt (line 1)) (2.10.1)
Requirement already satisfied: numpy<2,>=1 in /data2/home/rajkamalr/miniconda3/envs/rag/lib/python3.10/site-packages (from langchain==0.0.267->-r requirements.txt (line 1)) (1.26.4)
Requirement already satisfied: openapi-schema-pydantic<2.0,>=1.2 in /data2/home/rajkamalr/miniconda3/envs/rag/lib/python3.10/site-packages (from langchain==0.0.267->-r requirements.txt (line 1)) (1.2.4)
Requirement already satisfied: pydantic<3,>=1 in /data2/home/rajkamalr/miniconda3/envs/rag/lib/python3.10/site-packages (from langchain==0.0.267->-r requirements.txt (line 1)) (2.0)
Requirement already satisfied: tenacity<9.0.0,>=8.1.0 in /data2/home/rajkamalr/miniconda3/envs/rag/lib/python3.10/site-packages (from langchain==0.0.267->-r requirements.txt (line 1)) (8.5.0)
Requirement already satisfied: altair<6,>=4.0 in /data2/home/rajkamalr/miniconda3/envs/rag/lib/python3.10/site-packages (from streamlit==1.25.0->-r requirements.txt (line 2)) (5.4.1)
Requirement already satisfied: blinker<2,>=1.0.0 in /data2/home/rajkamalr/miniconda3/envs/rag/lib/python3.10/site-packages (from streamlit==1.25.0->-r requirements.txt (line 2)) (1.8.2)
Requirement already satisfied: cachetools<6,>=4.0 in /data2/home/rajkamalr/miniconda3/envs/rag/lib/python3.10/site-packages (from streamlit==1.25.0->-r requirements.txt (line 2)) (5.5.0)
Requirement already satisfied: click<9,>=7.0 in /data2/home/rajkamalr/miniconda3/envs/rag/lib/python3.10/site-packages (from streamlit==1.25.0->-r requirements.txt (line 2)) (8.1.7)
Requirement already satisfied: importlib-metadata<7,>=1.4 in /data2/home/rajkamalr/miniconda3/envs/rag/lib/python3.10/site-packages (from streamlit==1.25.0->-r requirements.txt (line 2)) (6.11.0)
Requirement already satisfied: packaging<24,>=16.8 in /data2/home/rajkamalr/miniconda3/envs/rag/lib/python3.10/site-packages (from streamlit==1.25.0->-r requirements.txt (line 2)) (23.2)
Requirement already satisfied: pandas<3,>=1.3.0 in /data2/home/rajkamalr/miniconda3/envs/rag/lib/python3.10/site-packages (from streamlit==1.25.0->-r requirements.txt (line 2)) (2.2.2)
Requirement already satisfied: pillow<10,>=7.1.0 in /data2/home/rajkamalr/miniconda3/envs/rag/lib/python3.10/site-packages (from streamlit==1.25.0->-r requirements.txt (line 2)) (9.5.0)
Requirement already satisfied: protobuf<5,>=3.20 in /data2/home/rajkamalr/miniconda3/envs/rag/lib/python3.10/site-packages (from streamlit==1.25.0->-r requirements.txt (line 2)) (4.25.4)
Requirement already satisfied: pyarrow>=6.0 in /data2/home/rajkamalr/miniconda3/envs/rag/lib/python3.10/site-packages (from streamlit==1.25.0->-r requirements.txt (line 2)) (17.0.0)
Requirement already satisfied: pympler<2,>=0.9 in /data2/home/rajkamalr/miniconda3/envs/rag/lib/python3.10/site-packages (from streamlit==1.25.0->-r requirements.txt (line 2)) (1.1)
Requirement already satisfied: python-dateutil<3,>=2.7.3 in /data2/home/rajkamalr/miniconda3/envs/rag/lib/python3.10/site-packages (from streamlit==1.25.0->-r requirements.txt (line 2)) (2.9.0)
Requirement already satisfied: rich<14,>=10.14.0 in /data2/home/rajkamalr/miniconda3/envs/rag/lib/python3.10/site-packages (from streamlit==1.25.0->-r requirements.txt (line 2)) (13.7.1)
Requirement already satisfied: toml<2,>=0.10.1 in /data2/home/rajkamalr/miniconda3/envs/rag/lib/python3.10/site-packages (from streamlit==1.25.0->-r requirements.txt (line 2)) (0.10.2)
Requirement already satisfied: typing-extensions<5,>=4.1.0 in /data2/home/rajkamalr/miniconda3/envs/rag/lib/python3.10/site-packages (from streamlit==1.25.0->-r requirements.txt (line 2)) (4.12.2)
Requirement already satisfied: tzlocal<5,>=1.1 in /data2/home/rajkamalr/miniconda3/envs/rag/lib/python3.10/site-packages (from streamlit==1.25.0->-r requirements.txt (line 2)) (4.3.1)
Requirement already satisfied: validators<1,>=0.2 in /data2/home/rajkamalr/miniconda3/envs/rag/lib/python3.10/site-packages (from streamlit==1.25.0->-r requirements.txt (line 2)) (0.34.0)
Requirement already satisfied: gitpython!=3.1.19,<4,>=3.0.7 in /data2/home/rajkamalr/miniconda3/envs/rag/lib/python3.10/site-packages (from streamlit==1.25.0->-r requirements.txt (line 2)) (3.1.43)
Requirement already satisfied: pydeck<1,>=0.8 in /data2/home/rajkamalr/miniconda3/envs/rag/lib/python3.10/site-packages (from streamlit==1.25.0->-r requirements.txt (line 2)) (0.9.1)
Requirement already satisfied: tornado<7,>=6.0.3 in /data2/home/rajkamalr/miniconda3/envs/rag/lib/python3.10/site-packages (from streamlit==1.25.0->-r requirements.txt (line 2)) (6.4.1)
Requirement already satisfied: watchdog>=2.1.5 in /data2/home/rajkamalr/miniconda3/envs/rag/lib/python3.10/site-packages (from streamlit==1.25.0->-r requirements.txt (line 2)) (5.0.2)
Requirement already satisfied: filelock in /data2/home/rajkamalr/miniconda3/envs/rag/lib/python3.10/site-packages (from transformers==4.31.0->-r requirements.txt (line 3)) (3.15.4)
Requirement already satisfied: huggingface-hub<1.0,>=0.14.1 in /data2/home/rajkamalr/miniconda3/envs/rag/lib/python3.10/site-packages (from transformers==4.31.0->-r requirements.txt (line 3)) (0.24.6)
Requirement already satisfied: regex!=2019.12.17 in /data2/home/rajkamalr/miniconda3/envs/rag/lib/python3.10/site-packages (from transformers==4.31.0->-r requirements.txt (line 3)) (2024.7.24)
Requirement already satisfied: tokenizers!=0.11.3,<0.14,>=0.11.1 in /data2/home/rajkamalr/miniconda3/envs/rag/lib/python3.10/site-packages (from transformers==4.31.0->-r requirements.txt (line 3)) (0.13.3)
Requirement already satisfied: safetensors>=0.3.1 in /data2/home/rajkamalr/miniconda3/envs/rag/lib/python3.10/site-packages (from transformers==4.31.0->-r requirements.txt (line 3)) (0.4.4)
Requirement already satisfied: tqdm>=4.27 in /data2/home/rajkamalr/miniconda3/envs/rag/lib/python3.10/site-packages (from transformers==4.31.0->-r requirements.txt (line 3)) (4.66.5)
Requirement already satisfied: sympy in /data2/home/rajkamalr/miniconda3/envs/rag/lib/python3.10/site-packages (from torch==2.0.1->-r requirements.txt (line 4)) (1.13.2)
Requirement already satisfied: networkx in /data2/home/rajkamalr/miniconda3/envs/rag/lib/python3.10/site-packages (from torch==2.0.1->-r requirements.txt (line 4)) (3.3)
Requirement already satisfied: jinja2 in /data2/home/rajkamalr/miniconda3/envs/rag/lib/python3.10/site-packages (from torch==2.0.1->-r requirements.txt (line 4)) (3.1.4)
Requirement already satisfied: nvidia-cuda-nvrtc-cu11==11.7.99 in /data2/home/rajkamalr/miniconda3/envs/rag/lib/python3.10/site-packages (from torch==2.0.1->-r requirements.txt (line 4)) (11.7.99)
Requirement already satisfied: nvidia-cuda-runtime-cu11==11.7.99 in /data2/home/rajkamalr/miniconda3/envs/rag/lib/python3.10/site-packages (from torch==2.0.1->-r requirements.txt (line 4)) (11.7.99)
Requirement already satisfied: nvidia-cuda-cupti-cu11==11.7.101 in /data2/home/rajkamalr/miniconda3/envs/rag/lib/python3.10/site-packages (from torch==2.0.1->-r requirements.txt (line 4)) (11.7.101)
Requirement already satisfied: nvidia-cudnn-cu11==8.5.0.96 in /data2/home/rajkamalr/miniconda3/envs/rag/lib/python3.10/site-packages (from torch==2.0.1->-r requirements.txt (line 4)) (8.5.0.96)
Requirement already satisfied: nvidia-cublas-cu11==11.10.3.66 in /data2/home/rajkamalr/miniconda3/envs/rag/lib/python3.10/site-packages (from torch==2.0.1->-r requirements.txt (line 4)) (11.10.3.66)
Requirement already satisfied: nvidia-cufft-cu11==10.9.0.58 in /data2/home/rajkamalr/miniconda3/envs/rag/lib/python3.10/site-packages (from torch==2.0.1->-r requirements.txt (line 4)) (10.9.0.58)
Requirement already satisfied: nvidia-curand-cu11==10.2.10.91 in /data2/home/rajkamalr/miniconda3/envs/rag/lib/python3.10/site-packages (from torch==2.0.1->-r requirements.txt (line 4)) (10.2.10.91)
Requirement already satisfied: nvidia-cusolver-cu11==11.4.0.1 in /data2/home/rajkamalr/miniconda3/envs/rag/lib/python3.10/site-packages (from torch==2.0.1->-r requirements.txt (line 4)) (11.4.0.1)
Requirement already satisfied: nvidia-cusparse-cu11==11.7.4.91 in /data2/home/rajkamalr/miniconda3/envs/rag/lib/python3.10/site-packages (from torch==2.0.1->-r requirements.txt (line 4)) (11.7.4.91)
Requirement already satisfied: nvidia-nccl-cu11==2.14.3 in /data2/home/rajkamalr/miniconda3/envs/rag/lib/python3.10/site-packages (from torch==2.0.1->-r requirements.txt (line 4)) (2.14.3)
Requirement already satisfied: nvidia-nvtx-cu11==11.7.91 in /data2/home/rajkamalr/miniconda3/envs/rag/lib/python3.10/site-packages (from torch==2.0.1->-r requirements.txt (line 4)) (11.7.91)
Requirement already satisfied: triton==2.0.0 in /data2/home/rajkamalr/miniconda3/envs/rag/lib/python3.10/site-packages (from torch==2.0.1->-r requirements.txt (line 4)) (2.0.0)
Requirement already satisfied: psutil in /data2/home/rajkamalr/miniconda3/envs/rag/lib/python3.10/site-packages (from accelerate==0.21.0->-r requirements.txt (line 7)) (6.0.0)
Requirement already satisfied: charset-normalizer>=2.0.0 in /data2/home/rajkamalr/miniconda3/envs/rag/lib/python3.10/site-packages (from pdfminer.six==20221105->-r requirements.txt (line 8)) (3.3.2)
Requirement already satisfied: cryptography>=36.0.0 in /data2/home/rajkamalr/miniconda3/envs/rag/lib/python3.10/site-packages (from pdfminer.six==20221105->-r requirements.txt (line 8)) (43.0.1)
Requirement already satisfied: scikit-learn in /data2/home/rajkamalr/miniconda3/envs/rag/lib/python3.10/site-packages (from sentence_transformers->-r requirements.txt (line 10)) (1.5.1)
Requirement already satisfied: scipy in /data2/home/rajkamalr/miniconda3/envs/rag/lib/python3.10/site-packages (from sentence_transformers->-r requirements.txt (line 10)) (1.14.1)
Requirement already satisfied: nltk in /data2/home/rajkamalr/miniconda3/envs/rag/lib/python3.10/site-packages (from sentence_transformers->-r requirements.txt (line 10)) (3.9.1)
Requirement already satisfied: hnswlib>=0.7 in /data2/home/rajkamalr/miniconda3/envs/rag/lib/python3.10/site-packages (from chromadb==0.3.26->-r requirements.txt (line 12)) (0.8.0)
Requirement already satisfied: clickhouse-connect>=0.5.7 in /data2/home/rajkamalr/miniconda3/envs/rag/lib/python3.10/site-packages (from chromadb==0.3.26->-r requirements.txt (line 12)) (0.7.19)
Requirement already satisfied: fastapi>=0.85.1 in /data2/home/rajkamalr/miniconda3/envs/rag/lib/python3.10/site-packages (from chromadb==0.3.26->-r requirements.txt (line 12)) (0.112.1)
Requirement already satisfied: posthog>=2.4.0 in /data2/home/rajkamalr/miniconda3/envs/rag/lib/python3.10/site-packages (from chromadb==0.3.26->-r requirements.txt (line 12)) (3.5.2)
Requirement already satisfied: pulsar-client>=3.1.0 in /data2/home/rajkamalr/miniconda3/envs/rag/lib/python3.10/site-packages (from chromadb==0.3.26->-r requirements.txt (line 12)) (3.5.0)
Requirement already satisfied: onnxruntime>=1.14.1 in /data2/home/rajkamalr/miniconda3/envs/rag/lib/python3.10/site-packages (from chromadb==0.3.26->-r requirements.txt (line 12)) (1.19.0)
Requirement already satisfied: overrides>=7.3.1 in /data2/home/rajkamalr/miniconda3/envs/rag/lib/python3.10/site-packages (from chromadb==0.3.26->-r requirements.txt (line 12)) (7.7.0)
Requirement already satisfied: soupsieve>1.2 in /data2/home/rajkamalr/miniconda3/envs/rag/lib/python3.10/site-packages (from beautifulsoup4==4.12.2->-r requirements.txt (line 13)) (2.6)
Requirement already satisfied: idna<4,>=2.5 in /data2/home/rajkamalr/miniconda3/envs/rag/lib/python3.10/site-packages (from requests==2.31.0->-r requirements.txt (line 17)) (3.8)
Requirement already satisfied: urllib3<3,>=1.21.1 in /data2/home/rajkamalr/miniconda3/envs/rag/lib/python3.10/site-packages (from requests==2.31.0->-r requirements.txt (line 17)) (2.2.2)
Requirement already satisfied: certifi>=2017.4.17 in /data2/home/rajkamalr/miniconda3/envs/rag/lib/python3.10/site-packages (from requests==2.31.0->-r requirements.txt (line 17)) (2024.7.4)
Requirement already satisfied: h11>=0.8 in /data2/home/rajkamalr/miniconda3/envs/rag/lib/python3.10/site-packages (from uvicorn==0.18.3->-r requirements.txt (line 18)) (0.14.0)
Requirement already satisfied: setuptools in /data2/home/rajkamalr/miniconda3/envs/rag/lib/python3.10/site-packages (from nvidia-cublas-cu11==11.10.3.66->torch==2.0.1->-r requirements.txt (line 4)) (72.1.0)
Requirement already satisfied: wheel in /data2/home/rajkamalr/miniconda3/envs/rag/lib/python3.10/site-packages (from nvidia-cublas-cu11==11.10.3.66->torch==2.0.1->-r requirements.txt (line 4)) (0.43.0)
Requirement already satisfied: cmake in /data2/home/rajkamalr/miniconda3/envs/rag/lib/python3.10/site-packages (from triton==2.0.0->torch==2.0.1->-r requirements.txt (line 4)) (3.30.3)
Requirement already satisfied: lit in /data2/home/rajkamalr/miniconda3/envs/rag/lib/python3.10/site-packages (from triton==2.0.0->torch==2.0.1->-r requirements.txt (line 4)) (18.1.8)
Requirement already satisfied: aiohappyeyeballs>=2.3.0 in /data2/home/rajkamalr/miniconda3/envs/rag/lib/python3.10/site-packages (from aiohttp<4.0.0,>=3.8.3->langchain==0.0.267->-r requirements.txt (line 1)) (2.4.0)
Requirement already satisfied: aiosignal>=1.1.2 in /data2/home/rajkamalr/miniconda3/envs/rag/lib/python3.10/site-packages (from aiohttp<4.0.0,>=3.8.3->langchain==0.0.267->-r requirements.txt (line 1)) (1.3.1)
Requirement already satisfied: attrs>=17.3.0 in /data2/home/rajkamalr/miniconda3/envs/rag/lib/python3.10/site-packages (from aiohttp<4.0.0,>=3.8.3->langchain==0.0.267->-r requirements.txt (line 1)) (24.2.0)
Requirement already satisfied: frozenlist>=1.1.1 in /data2/home/rajkamalr/miniconda3/envs/rag/lib/python3.10/site-packages (from aiohttp<4.0.0,>=3.8.3->langchain==0.0.267->-r requirements.txt (line 1)) (1.4.1)
Requirement already satisfied: multidict<7.0,>=4.5 in /data2/home/rajkamalr/miniconda3/envs/rag/lib/python3.10/site-packages (from aiohttp<4.0.0,>=3.8.3->langchain==0.0.267->-r requirements.txt (line 1)) (6.1.0)
Requirement already satisfied: yarl<2.0,>=1.0 in /data2/home/rajkamalr/miniconda3/envs/rag/lib/python3.10/site-packages (from aiohttp<4.0.0,>=3.8.3->langchain==0.0.267->-r requirements.txt (line 1)) (1.11.1)
Requirement already satisfied: jsonschema>=3.0 in /data2/home/rajkamalr/miniconda3/envs/rag/lib/python3.10/site-packages (from altair<6,>=4.0->streamlit==1.25.0->-r requirements.txt (line 2)) (4.23.0)
Requirement already satisfied: narwhals>=1.5.2 in /data2/home/rajkamalr/miniconda3/envs/rag/lib/python3.10/site-packages (from altair<6,>=4.0->streamlit==1.25.0->-r requirements.txt (line 2)) (1.8.1)
Requirement already satisfied: pytz in /data2/home/rajkamalr/miniconda3/envs/rag/lib/python3.10/site-packages (from clickhouse-connect>=0.5.7->chromadb==0.3.26->-r requirements.txt (line 12)) (2024.2)
Requirement already satisfied: zstandard in /data2/home/rajkamalr/miniconda3/envs/rag/lib/python3.10/site-packages (from clickhouse-connect>=0.5.7->chromadb==0.3.26->-r requirements.txt (line 12)) (0.23.0)
Requirement already satisfied: lz4 in /data2/home/rajkamalr/miniconda3/envs/rag/lib/python3.10/site-packages (from clickhouse-connect>=0.5.7->chromadb==0.3.26->-r requirements.txt (line 12)) (4.3.3)
Requirement already satisfied: cffi>=1.12 in /data2/home/rajkamalr/miniconda3/envs/rag/lib/python3.10/site-packages (from cryptography>=36.0.0->pdfminer.six==20221105->-r requirements.txt (line 8)) (1.17.1)
Requirement already satisfied: marshmallow<4.0.0,>=3.18.0 in /data2/home/rajkamalr/miniconda3/envs/rag/lib/python3.10/site-packages (from dataclasses-json<0.6.0,>=0.5.7->langchain==0.0.267->-r requirements.txt (line 1)) (3.22.0)
Requirement already satisfied: typing-inspect<1,>=0.4.0 in /data2/home/rajkamalr/miniconda3/envs/rag/lib/python3.10/site-packages (from dataclasses-json<0.6.0,>=0.5.7->langchain==0.0.267->-r requirements.txt (line 1)) (0.9.0)
Requirement already satisfied: starlette<0.39.0,>=0.37.2 in /data2/home/rajkamalr/miniconda3/envs/rag/lib/python3.10/site-packages (from fastapi>=0.85.1->chromadb==0.3.26->-r requirements.txt (line 12)) (0.38.2)
Collecting pydantic<3,>=1 (from langchain==0.0.267->-r requirements.txt (line 1))
  Using cached pydantic-2.9.2-py3-none-any.whl.metadata (149 kB)
Requirement already satisfied: gitdb<5,>=4.0.1 in /data2/home/rajkamalr/miniconda3/envs/rag/lib/python3.10/site-packages (from gitpython!=3.1.19,<4,>=3.0.7->streamlit==1.25.0->-r requirements.txt (line 2)) (4.0.11)
Requirement already satisfied: fsspec>=2023.5.0 in /data2/home/rajkamalr/miniconda3/envs/rag/lib/python3.10/site-packages (from huggingface-hub<1.0,>=0.14.1->transformers==4.31.0->-r requirements.txt (line 3)) (2024.6.1)
Requirement already satisfied: zipp>=0.5 in /data2/home/rajkamalr/miniconda3/envs/rag/lib/python3.10/site-packages (from importlib-metadata<7,>=1.4->streamlit==1.25.0->-r requirements.txt (line 2)) (3.20.0)
Requirement already satisfied: coloredlogs in /data2/home/rajkamalr/miniconda3/envs/rag/lib/python3.10/site-packages (from onnxruntime>=1.14.1->chromadb==0.3.26->-r requirements.txt (line 12)) (15.0.1)
Requirement already satisfied: flatbuffers in /data2/home/rajkamalr/miniconda3/envs/rag/lib/python3.10/site-packages (from onnxruntime>=1.14.1->chromadb==0.3.26->-r requirements.txt (line 12)) (24.3.25)
Requirement already satisfied: tzdata>=2022.7 in /data2/home/rajkamalr/miniconda3/envs/rag/lib/python3.10/site-packages (from pandas<3,>=1.3.0->streamlit==1.25.0->-r requirements.txt (line 2)) (2024.1)
Requirement already satisfied: monotonic>=1.5 in /data2/home/rajkamalr/miniconda3/envs/rag/lib/python3.10/site-packages (from posthog>=2.4.0->chromadb==0.3.26->-r requirements.txt (line 12)) (1.6)
Requirement already satisfied: backoff>=1.10.0 in /data2/home/rajkamalr/miniconda3/envs/rag/lib/python3.10/site-packages (from posthog>=2.4.0->chromadb==0.3.26->-r requirements.txt (line 12)) (2.2.1)
Requirement already satisfied: annotated-types>=0.6.0 in /data2/home/rajkamalr/miniconda3/envs/rag/lib/python3.10/site-packages (from pydantic<3,>=1->langchain==0.0.267->-r requirements.txt (line 1)) (0.7.0)
Collecting pydantic-core==2.23.4 (from pydantic<3,>=1->langchain==0.0.267->-r requirements.txt (line 1))
  Using cached pydantic_core-2.23.4-cp310-cp310-manylinux_2_17_x86_64.manylinux2014_x86_64.whl.metadata (6.6 kB)
Requirement already satisfied: MarkupSafe>=2.0 in /data2/home/rajkamalr/miniconda3/envs/rag/lib/python3.10/site-packages (from jinja2->torch==2.0.1->-r requirements.txt (line 4)) (2.1.5)
Requirement already satisfied: markdown-it-py>=2.2.0 in /data2/home/rajkamalr/miniconda3/envs/rag/lib/python3.10/site-packages (from rich<14,>=10.14.0->streamlit==1.25.0->-r requirements.txt (line 2)) (3.0.0)
Requirement already satisfied: pygments<3.0.0,>=2.13.0 in /data2/home/rajkamalr/miniconda3/envs/rag/lib/python3.10/site-packages (from rich<14,>=10.14.0->streamlit==1.25.0->-r requirements.txt (line 2)) (2.18.0)
Requirement already satisfied: greenlet!=0.4.17 in /data2/home/rajkamalr/miniconda3/envs/rag/lib/python3.10/site-packages (from SQLAlchemy<3,>=1.4->langchain==0.0.267->-r requirements.txt (line 1)) (3.1.0)
Requirement already satisfied: pytz-deprecation-shim in /data2/home/rajkamalr/miniconda3/envs/rag/lib/python3.10/site-packages (from tzlocal<5,>=1.1->streamlit==1.25.0->-r requirements.txt (line 2)) (0.1.0.post0)
Requirement already satisfied: httptools>=0.4.0 in /data2/home/rajkamalr/miniconda3/envs/rag/lib/python3.10/site-packages (from uvicorn[standard]>=0.18.3->chromadb==0.3.26->-r requirements.txt (line 12)) (0.6.1)
Requirement already satisfied: python-dotenv>=0.13 in /data2/home/rajkamalr/miniconda3/envs/rag/lib/python3.10/site-packages (from uvicorn[standard]>=0.18.3->chromadb==0.3.26->-r requirements.txt (line 12)) (1.0.1)
Requirement already satisfied: uvloop!=0.15.0,!=0.15.1,>=0.14.0 in /data2/home/rajkamalr/miniconda3/envs/rag/lib/python3.10/site-packages (from uvicorn[standard]>=0.18.3->chromadb==0.3.26->-r requirements.txt (line 12)) (0.20.0)
Requirement already satisfied: watchfiles>=0.13 in /data2/home/rajkamalr/miniconda3/envs/rag/lib/python3.10/site-packages (from uvicorn[standard]>=0.18.3->chromadb==0.3.26->-r requirements.txt (line 12)) (0.23.0)
Requirement already satisfied: websockets>=10.0 in /data2/home/rajkamalr/miniconda3/envs/rag/lib/python3.10/site-packages (from uvicorn[standard]>=0.18.3->chromadb==0.3.26->-r requirements.txt (line 12)) (13.0)
Requirement already satisfied: joblib in /data2/home/rajkamalr/miniconda3/envs/rag/lib/python3.10/site-packages (from nltk->sentence_transformers->-r requirements.txt (line 10)) (1.4.2)
Requirement already satisfied: threadpoolctl>=3.1.0 in /data2/home/rajkamalr/miniconda3/envs/rag/lib/python3.10/site-packages (from scikit-learn->sentence_transformers->-r requirements.txt (line 10)) (3.5.0)
Requirement already satisfied: mpmath<1.4,>=1.1.0 in /data2/home/rajkamalr/miniconda3/envs/rag/lib/python3.10/site-packages (from sympy->torch==2.0.1->-r requirements.txt (line 4)) (1.3.0)
Requirement already satisfied: pycparser in /data2/home/rajkamalr/miniconda3/envs/rag/lib/python3.10/site-packages (from cffi>=1.12->cryptography>=36.0.0->pdfminer.six==20221105->-r requirements.txt (line 8)) (2.22)
Requirement already satisfied: smmap<6,>=3.0.1 in /data2/home/rajkamalr/miniconda3/envs/rag/lib/python3.10/site-packages (from gitdb<5,>=4.0.1->gitpython!=3.1.19,<4,>=3.0.7->streamlit==1.25.0->-r requirements.txt (line 2)) (5.0.1)
Requirement already satisfied: jsonschema-specifications>=2023.03.6 in /data2/home/rajkamalr/miniconda3/envs/rag/lib/python3.10/site-packages (from jsonschema>=3.0->altair<6,>=4.0->streamlit==1.25.0->-r requirements.txt (line 2)) (2023.12.1)
Requirement already satisfied: referencing>=0.28.4 in /data2/home/rajkamalr/miniconda3/envs/rag/lib/python3.10/site-packages (from jsonschema>=3.0->altair<6,>=4.0->streamlit==1.25.0->-r requirements.txt (line 2)) (0.35.1)
Requirement already satisfied: rpds-py>=0.7.1 in /data2/home/rajkamalr/miniconda3/envs/rag/lib/python3.10/site-packages (from jsonschema>=3.0->altair<6,>=4.0->streamlit==1.25.0->-r requirements.txt (line 2)) (0.20.0)
Requirement already satisfied: mdurl~=0.1 in /data2/home/rajkamalr/miniconda3/envs/rag/lib/python3.10/site-packages (from markdown-it-py>=2.2.0->rich<14,>=10.14.0->streamlit==1.25.0->-r requirements.txt (line 2)) (0.1.2)
Requirement already satisfied: anyio<5,>=3.4.0 in /data2/home/rajkamalr/miniconda3/envs/rag/lib/python3.10/site-packages (from starlette<0.39.0,>=0.37.2->fastapi>=0.85.1->chromadb==0.3.26->-r requirements.txt (line 12)) (4.4.0)
Requirement already satisfied: mypy-extensions>=0.3.0 in /data2/home/rajkamalr/miniconda3/envs/rag/lib/python3.10/site-packages (from typing-inspect<1,>=0.4.0->dataclasses-json<0.6.0,>=0.5.7->langchain==0.0.267->-r requirements.txt (line 1)) (1.0.0)
Requirement already satisfied: humanfriendly>=9.1 in /data2/home/rajkamalr/miniconda3/envs/rag/lib/python3.10/site-packages (from coloredlogs->onnxruntime>=1.14.1->chromadb==0.3.26->-r requirements.txt (line 12)) (10.0)
Requirement already satisfied: sniffio>=1.1 in /data2/home/rajkamalr/miniconda3/envs/rag/lib/python3.10/site-packages (from anyio<5,>=3.4.0->starlette<0.39.0,>=0.37.2->fastapi>=0.85.1->chromadb==0.3.26->-r requirements.txt (line 12)) (1.3.1)
Requirement already satisfied: exceptiongroup>=1.0.2 in /data2/home/rajkamalr/miniconda3/envs/rag/lib/python3.10/site-packages (from anyio<5,>=3.4.0->starlette<0.39.0,>=0.37.2->fastapi>=0.85.1->chromadb==0.3.26->-r requirements.txt (line 12)) (1.2.2)
Using cached chromadb-0.3.26-py3-none-any.whl (123 kB)
Using cached pydantic-2.9.2-py3-none-any.whl (434 kB)
Using cached pydantic_core-2.23.4-cp310-cp310-manylinux_2_17_x86_64.manylinux2014_x86_64.whl (2.1 MB)
Installing collected packages: pydantic-core, pydantic, chromadb
  Attempting uninstall: pydantic-core
    Found existing installation: pydantic_core 2.0.1
    Uninstalling pydantic_core-2.0.1:
      Successfully uninstalled pydantic_core-2.0.1
  Attempting uninstall: pydantic
    Found existing installation: pydantic 2.0
    Uninstalling pydantic-2.0:
      Successfully uninstalled pydantic-2.0
  Attempting uninstall: chromadb
    Found existing installation: chromadb 0.3.8
    Uninstalling chromadb-0.3.8:
      Successfully uninstalled chromadb-0.3.8
Successfully installed chromadb-0.3.26 pydantic-2.9.2 pydantic-core-2.23.4
(rag) rajkamalr@WellsFargo:/data6/rk/rajkamalr/RAG/Baseline2/Chat-with-PDF-Chatbot$ pip install pydantic==2.0
Collecting pydantic==2.0
  Using cached pydantic-2.0-py3-none-any.whl.metadata (117 kB)
Requirement already satisfied: annotated-types>=0.4.0 in /data2/home/rajkamalr/miniconda3/envs/rag/lib/python3.10/site-packages (from pydantic==2.0) (0.7.0)
Collecting pydantic-core==2.0.1 (from pydantic==2.0)
  Using cached pydantic_core-2.0.1-cp310-cp310-manylinux_2_17_x86_64.manylinux2014_x86_64.whl.metadata (5.2 kB)
Requirement already satisfied: typing-extensions>=4.6.1 in /data2/home/rajkamalr/miniconda3/envs/rag/lib/python3.10/site-packages (from pydantic==2.0) (4.12.2)
Using cached pydantic-2.0-py3-none-any.whl (355 kB)
Using cached pydantic_core-2.0.1-cp310-cp310-manylinux_2_17_x86_64.manylinux2014_x86_64.whl (1.5 MB)
Installing collected packages: pydantic-core, pydantic
  Attempting uninstall: pydantic-core
    Found existing installation: pydantic_core 2.23.4
    Uninstalling pydantic_core-2.23.4:
      Successfully uninstalled pydantic_core-2.23.4
  Attempting uninstall: pydantic
    Found existing installation: pydantic 2.9.2
    Uninstalling pydantic-2.9.2:
      Successfully uninstalled pydantic-2.9.2
ERROR: pip's dependency resolver does not currently take into account all the packages that are installed. This behaviour is the source of the following dependency conflicts.
fastapi 0.112.1 requires pydantic!=1.8,!=1.8.1,!=2.0.0,!=2.0.1,!=2.1.0,<3.0.0,>=1.7.4, but you have pydantic 2.0 which is incompatible.
pydantic-settings 2.5.2 requires pydantic>=2.7.0, but you have pydantic 2.0 which is incompatible.
Successfully installed pydantic-2.0 pydantic-core-2.0.1
(rag) rajkamalr@WellsFargo:/data6/rk/rajkamalr/RAG/Baseline2/Chat-with-PDF-Chatbot$ python ingest.py 
Traceback (most recent call last):
  File "/data6/rk/rajkamalr/RAG/Baseline2/Chat-with-PDF-Chatbot/ingest.py", line 6, in <module>
    from constants import CHROMA_SETTINGS
  File "/data6/rk/rajkamalr/RAG/Baseline2/Chat-with-PDF-Chatbot/constants.py", line 2, in <module>
    import chromadb
  File "/data2/home/rajkamalr/miniconda3/envs/rag/lib/python3.10/site-packages/chromadb/__init__.py", line 1, in <module>
    import chromadb.config
  File "/data2/home/rajkamalr/miniconda3/envs/rag/lib/python3.10/site-packages/chromadb/config.py", line 1, in <module>
    from pydantic import BaseSettings
  File "/data2/home/rajkamalr/miniconda3/envs/rag/lib/python3.10/site-packages/pydantic/__init__.py", line 206, in __getattr__
    return _getattr_migration(attr_name)
  File "/data2/home/rajkamalr/miniconda3/envs/rag/lib/python3.10/site-packages/pydantic/_migration.py", line 279, in wrapper
    raise PydanticImportError(
pydantic.errors.PydanticImportError: `BaseSettings` has been moved to the `pydantic-settings` package. See https://docs.pydantic.dev/2.0/migration/#basesettings-has-moved-to-pydantic-settings for more details.

For further information visit https://errors.pydantic.dev/2.0/u/import-error
(rag) rajkamalr@WellsFargo:/data6/rk/rajkamalr/RAG/Baseline2/Chat-with-PDF-Chatbot$ pip install pydantic==1.9.0
Collecting pydantic==1.9.0
  Downloading pydantic-1.9.0-cp310-cp310-manylinux_2_17_x86_64.manylinux2014_x86_64.whl.metadata (121 kB)
Requirement already satisfied: typing-extensions>=3.7.4.3 in /data2/home/rajkamalr/miniconda3/envs/rag/lib/python3.10/site-packages (from pydantic==1.9.0) (4.12.2)
Downloading pydantic-1.9.0-cp310-cp310-manylinux_2_17_x86_64.manylinux2014_x86_64.whl (12.3 MB)
   ━━━━━━━━━━━━━━━━━━━━━━━━━━━━━━━━━━━━━━━━ 12.3/12.3 MB 7.0 MB/s eta 0:00:00
Installing collected packages: pydantic
  Attempting uninstall: pydantic
    Found existing installation: pydantic 2.0
    Uninstalling pydantic-2.0:
      Successfully uninstalled pydantic-2.0
ERROR: pip's dependency resolver does not currently take into account all the packages that are installed. This behaviour is the source of the following dependency conflicts.
pydantic-settings 2.5.2 requires pydantic>=2.7.0, but you have pydantic 1.9.0 which is incompatible.
Successfully installed pydantic-1.9.0
(rag) rajkamalr@WellsFargo:/data6/rk/rajkamalr/RAG/Baseline2/Chat-with-PDF-Chatbot$ python ingest.py 
Traceback (most recent call last):
  File "/data6/rk/rajkamalr/RAG/Baseline2/Chat-with-PDF-Chatbot/ingest.py", line 1, in <module>
    from langchain.document_loaders import PyPDFLoader, DirectoryLoader, PDFMinerLoader 
  File "/data2/home/rajkamalr/miniconda3/envs/rag/lib/python3.10/site-packages/langchain/__init__.py", line 6, in <module>
    from langchain.agents import MRKLChain, ReActChain, SelfAskWithSearchChain
  File "/data2/home/rajkamalr/miniconda3/envs/rag/lib/python3.10/site-packages/langchain/agents/__init__.py", line 40, in <module>
    from langchain.agents.agent_toolkits import (
  File "/data2/home/rajkamalr/miniconda3/envs/rag/lib/python3.10/site-packages/langchain/agents/agent_toolkits/__init__.py", line 12, in <module>
    from langchain.agents.agent_toolkits.csv.base import create_csv_agent
  File "/data2/home/rajkamalr/miniconda3/envs/rag/lib/python3.10/site-packages/langchain/agents/agent_toolkits/csv/base.py", line 4, in <module>
    from langchain.agents.agent_toolkits.pandas.base import create_pandas_dataframe_agent
  File "/data2/home/rajkamalr/miniconda3/envs/rag/lib/python3.10/site-packages/langchain/agents/agent_toolkits/pandas/base.py", line 18, in <module>
    from langchain.agents.types import AgentType
  File "/data2/home/rajkamalr/miniconda3/envs/rag/lib/python3.10/site-packages/langchain/agents/types.py", line 5, in <module>
    from langchain.agents.chat.base import ChatAgent
  File "/data2/home/rajkamalr/miniconda3/envs/rag/lib/python3.10/site-packages/langchain/agents/chat/base.py", line 4, in <module>
    from langchain.agents.chat.output_parser import ChatOutputParser
  File "/data2/home/rajkamalr/miniconda3/envs/rag/lib/python3.10/site-packages/langchain/agents/chat/output_parser.py", line 12, in <module>
    class ChatOutputParser(AgentOutputParser):
  File "pydantic/main.py", line 228, in pydantic.main.ModelMetaclass.__new__
  File "pydantic/fields.py", line 488, in pydantic.fields.ModelField.infer
  File "pydantic/fields.py", line 419, in pydantic.fields.ModelField.__init__
  File "pydantic/fields.py", line 539, in pydantic.fields.ModelField.prepare
  File "pydantic/fields.py", line 801, in pydantic.fields.ModelField.populate_validators
  File "pydantic/validators.py", line 723, in find_validators
RuntimeError: no validator found for <class 're.Pattern'>, see `arbitrary_types_allowed` in Config
(rag) rajkamalr@WellsFargo:/data6/rk/rajkamalr/RAG/Baseline2/Chat-with-PDF-Chatbot$ pip install pydantic==1.10.8
Collecting pydantic==1.10.8
  Downloading pydantic-1.10.8-cp310-cp310-manylinux_2_17_x86_64.manylinux2014_x86_64.whl.metadata (146 kB)
Requirement already satisfied: typing-extensions>=4.2.0 in /data2/home/rajkamalr/miniconda3/envs/rag/lib/python3.10/site-packages (from pydantic==1.10.8) (4.12.2)
Downloading pydantic-1.10.8-cp310-cp310-manylinux_2_17_x86_64.manylinux2014_x86_64.whl (3.1 MB)
   ━━━━━━━━━━━━━━━━━━━━━━━━━━━━━━━━━━━━━━━━ 3.1/3.1 MB 8.2 MB/s eta 0:00:00
Installing collected packages: pydantic
  Attempting uninstall: pydantic
    Found existing installation: pydantic 1.9.0
    Uninstalling pydantic-1.9.0:
      Successfully uninstalled pydantic-1.9.0
ERROR: pip's dependency resolver does not currently take into account all the packages that are installed. This behaviour is the source of the following dependency conflicts.
pydantic-settings 2.5.2 requires pydantic>=2.7.0, but you have pydantic 1.10.8 which is incompatible.
Successfully installed pydantic-1.10.8
(rag) rajkamalr@WellsFargo:/data6/rk/rajkamalr/RAG/Baseline2/Chat-with-PDF-Chatbot$ python ingest.py 
student_information_handbook.pdf
splitting into chunks
Loading sentence transformers model
Creating embeddings. May take some minutes...
Ingestion complete! You can now run privateGPT.py to query your documents
(rag) rajkamalr@WellsFargo:/data6/rk/rajkamalr/RAG/Baseline2/Chat-with-PDF-Chatbot$ streamlit run chatbot_app.py 

Collecting usage statistics. To deactivate, set browser.gatherUsageStats to False.


  You can now view your Streamlit app in your browser.

  Network URL: http://10.192.12.63:8501
  External URL: http://14.139.128.40:8501

Checkpoint path: MBZUAI/LaMini-T5-738M
/data2/home/rajkamalr/miniconda3/envs/rag/lib/python3.10/site-packages/huggingface_hub/file_download.py:1150: FutureWarning: `resume_download` is deprecated and will be removed in version 1.0.0. Downloads always resume when possible. If you want to force a new download, use `force_download=True`.
  warnings.warn(
2024-09-21 22:57:14.881 `label` got an empty value. This is discouraged for accessibility reasons and may be disallowed in the future by raising an exception. Please provide a non-empty label and hide it with label_visibility if needed.
Checkpoint path: MBZUAI/LaMini-T5-738M
2024-09-21 22:57:49.729 Uncaught app exception
Traceback (most recent call last):
  File "/data2/home/rajkamalr/miniconda3/envs/rag/lib/python3.10/site-packages/streamlit/runtime/scriptrunner/script_runner.py", line 552, in _run_script
    exec(code, module.__dict__)
  File "/data6/rk/rajkamalr/RAG/Baseline2/Chat-with-PDF-Chatbot/chatbot_app.py", line 25, in <module>
    base_model = AutoModelForSeq2SeqLM.from_pretrained(
  File "/data2/home/rajkamalr/miniconda3/envs/rag/lib/python3.10/site-packages/transformers/models/auto/auto_factory.py", line 493, in from_pretrained
    return model_class.from_pretrained(
  File "/data2/home/rajkamalr/miniconda3/envs/rag/lib/python3.10/site-packages/transformers/modeling_utils.py", line 2903, in from_pretrained
    ) = cls._load_pretrained_model(
  File "/data2/home/rajkamalr/miniconda3/envs/rag/lib/python3.10/site-packages/transformers/modeling_utils.py", line 3260, in _load_pretrained_model
    new_error_msgs, offload_index, state_dict_index = _load_state_dict_into_meta_model(
  File "/data2/home/rajkamalr/miniconda3/envs/rag/lib/python3.10/site-packages/transformers/modeling_utils.py", line 717, in _load_state_dict_into_meta_model
    set_module_tensor_to_device(model, param_name, param_device, **set_module_kwargs)
  File "/data2/home/rajkamalr/miniconda3/envs/rag/lib/python3.10/site-packages/accelerate/utils/modeling.py", line 298, in set_module_tensor_to_device
    new_value = value.to(device)
torch.cuda.OutOfMemoryError: CUDA out of memory. Tried to allocate 16.00 MiB (GPU 0; 39.39 GiB total capacity; 5.04 GiB already allocated; 9.88 MiB free; 5.05 GiB reserved in total by PyTorch) If reserved memory is >> allocated memory try setting max_split_size_mb to avoid fragmentation.  See documentation for Memory Management and PYTORCH_CUDA_ALLOC_CONF
^C  Stopping...
(rag) rajkamalr@WellsFargo:/data6/rk/rajkamalr/RAG/Baseline2/Chat-with-PDF-Chatbot$ streamlit run chatbot_app.py 

Collecting usage statistics. To deactivate, set browser.gatherUsageStats to False.


  You can now view your Streamlit app in your browser.

  Network URL: http://10.192.12.63:8501
  External URL: http://14.139.128.40:8501

Checkpoint path: MBZUAI/LaMini-T5-738M
/data2/home/rajkamalr/miniconda3/envs/rag/lib/python3.10/site-packages/huggingface_hub/file_download.py:1150: FutureWarning: `resume_download` is deprecated and will be removed in version 1.0.0. Downloads always resume when possible. If you want to force a new download, use `force_download=True`.
  warnings.warn(
2024-09-21 22:58:39.882 `label` got an empty value. This is discouraged for accessibility reasons and may be disallowed in the future by raising an exception. Please provide a non-empty label and hide it with label_visibility if needed.
Checkpoint path: MBZUAI/LaMini-T5-738M
2024-09-21 22:58:52.438 `label` got an empty value. This is discouraged for accessibility reasons and may be disallowed in the future by raising an exception. Please provide a non-empty label and hide it with label_visibility if needed.
student_information_handbook.pdf
2024-09-21 22:59:38.785 `label` got an empty value. This is discouraged for accessibility reasons and may be disallowed in the future by raising an exception. Please provide a non-empty label and hide it with label_visibility if needed.
Checkpoint path: MBZUAI/LaMini-T5-738M
/data2/home/rajkamalr/miniconda3/envs/rag/lib/python3.10/site-packages/huggingface_hub/file_download.py:1150: FutureWarning: `resume_download` is deprecated and will be removed in version 1.0.0. Downloads always resume when possible. If you want to force a new download, use `force_download=True`.
  warnings.warn(
2024-09-21 23:00:09.946 `label` got an empty value. This is discouraged for accessibility reasons and may be disallowed in the future by raising an exception. Please provide a non-empty label and hide it with label_visibility if needed.
2024-09-21 23:00:09.985 `label` got an empty value. This is discouraged for accessibility reasons and may be disallowed in the future by raising an exception. Please provide a non-empty label and hide it with label_visibility if needed.
Checkpoint path: MBZUAI/LaMini-T5-738M
2024-09-21 23:10:04.501 `label` got an empty value. This is discouraged for accessibility reasons and may be disallowed in the future by raising an exception. Please provide a non-empty label and hide it with label_visibility if needed.
2024-09-21 23:10:04.596 `label` got an empty value. This is discouraged for accessibility reasons and may be disallowed in the future by raising an exception. Please provide a non-empty label and hide it with label_visibility if needed.
2024-09-22 00:23:30.099 Session with id 3b406900-272f-4228-be6b-01b2b4a59082 is already connected! Connecting to a new session.
Checkpoint path: MBZUAI/LaMini-T5-738M
2024-09-22 00:24:43.150 `label` got an empty value. This is discouraged for accessibility reasons and may be disallowed in the future by raising an exception. Please provide a non-empty label and hide it with label_visibility if needed.
2024-09-22 00:26:01.171 Session with id ce61480a-0682-4783-877e-7572137cb4fb is already connected! Connecting to a new session.
Checkpoint path: MBZUAI/LaMini-T5-738M
2024-09-22 00:26:10.874 `label` got an empty value. This is discouraged for accessibility reasons and may be disallowed in the future by raising an exception. Please provide a non-empty label and hide it with label_visibility if needed.
2024-09-22 01:21:15.526 Session with id b70a2f30-8051-4785-8652-d842f280c506 is already connected! Connecting to a new session.
Checkpoint path: MBZUAI/LaMini-T5-738M
2024-09-22 01:21:20.333 `label` got an empty value. This is discouraged for accessibility reasons and may be disallowed in the future by raising an exception. Please provide a non-empty label and hide it with label_visibility if needed.
